Using pre-set license
Built from '2021.3/staging' branch; Version is '2021.3.10f1 (1c7d0df0160b) revision 1867021'; Using compiler version '192829333'; Build Type 'Release'
OS: 'Windows 11  (10.0.22621) 64bit CoreSingleLanguage' Language: 'en' Physical Memory: 7597 MB
BatchMode: 1, IsHumanControllingUs: 0, StartBugReporterOnCrash: 0, Is64bit: 1, IsPro: 1

COMMAND LINE ARGUMENTS:
C:\Program Files\Unity\Hub\Editor\2021.3.10f1\Editor\Unity.exe
-adb2
-batchMode
-noUpm
-name
AssetImportWorker1
-projectPath
C:/Users/Asus/Desktop/VR-Labs/UNITY/AR VR
-logFile
Logs/AssetImportWorker1.log
-srvPort
65272
Successfully changed project path to: C:/Users/Asus/Desktop/VR-Labs/UNITY/AR VR
C:/Users/Asus/Desktop/VR-Labs/UNITY/AR VR
[UnityMemory] Configuration Parameters - Can be set up in boot.config
    "memorysetup-bucket-allocator-granularity=16"
    "memorysetup-bucket-allocator-bucket-count=8"
    "memorysetup-bucket-allocator-block-size=33554432"
    "memorysetup-bucket-allocator-block-count=8"
    "memorysetup-main-allocator-block-size=16777216"
    "memorysetup-thread-allocator-block-size=16777216"
    "memorysetup-gfx-main-allocator-block-size=16777216"
    "memorysetup-gfx-thread-allocator-block-size=16777216"
    "memorysetup-cache-allocator-block-size=4194304"
    "memorysetup-typetree-allocator-block-size=2097152"
    "memorysetup-profiler-bucket-allocator-granularity=16"
    "memorysetup-profiler-bucket-allocator-bucket-count=8"
    "memorysetup-profiler-bucket-allocator-block-size=33554432"
    "memorysetup-profiler-bucket-allocator-block-count=8"
    "memorysetup-profiler-allocator-block-size=16777216"
    "memorysetup-profiler-editor-allocator-block-size=1048576"
    "memorysetup-temp-allocator-size-main=16777216"
    "memorysetup-job-temp-allocator-block-size=2097152"
    "memorysetup-job-temp-allocator-block-size-background=1048576"
    "memorysetup-job-temp-allocator-reduction-small-platforms=262144"
    "memorysetup-temp-allocator-size-background-worker=32768"
    "memorysetup-temp-allocator-size-job-worker=262144"
    "memorysetup-temp-allocator-size-preload-manager=33554432"
    "memorysetup-temp-allocator-size-nav-mesh-worker=65536"
    "memorysetup-temp-allocator-size-audio-worker=65536"
    "memorysetup-temp-allocator-size-cloud-worker=32768"
    "memorysetup-temp-allocator-size-gi-baking-worker=262144"
    "memorysetup-temp-allocator-size-gfx=262144"
Refreshing native plugins compatible for Editor in 124.93 ms, found 11 plugins.
Preloading 1 native plugins for Editor in 1.44 ms.
Initialize engine version: 2021.3.10f1 (1c7d0df0160b)
[Subsystems] Discovering subsystems at path C:/Program Files/Unity/Hub/Editor/2021.3.10f1/Editor/Data/Resources/UnitySubsystems
[Subsystems] Discovering subsystems at path C:/Users/Asus/Desktop/VR-Labs/UNITY/AR VR/Assets
GfxDevice: creating device client; threaded=0; jobified=0
Direct3D:
    Version:  Direct3D 11.0 [level 11.1]
    Renderer: AMD Radeon(TM) Graphics (ID=0x1636)
    Vendor:   ATI
    VRAM:     3798 MB
    Driver:   30.0.13002.1001
Initialize mono
Mono path[0] = 'C:/Program Files/Unity/Hub/Editor/2021.3.10f1/Editor/Data/Managed'
Mono path[1] = 'C:/Program Files/Unity/Hub/Editor/2021.3.10f1/Editor/Data/MonoBleedingEdge/lib/mono/unityjit-win32'
Mono config path = 'C:/Program Files/Unity/Hub/Editor/2021.3.10f1/Editor/Data/MonoBleedingEdge/etc'
Using monoOptions --debugger-agent=transport=dt_socket,embedding=1,server=y,suspend=n,address=127.0.0.1:56824
Begin MonoManager ReloadAssembly
Registering precompiled unity dll's ...
Register platform support module: C:/Program Files/Unity/Hub/Editor/2021.3.10f1/Editor/Data/PlaybackEngines/WebGLSupport/UnityEditor.WebGL.Extensions.dll
Register platform support module: C:/Program Files/Unity/Hub/Editor/2021.3.10f1/Editor/Data/PlaybackEngines/WindowsStandaloneSupport/UnityEditor.WindowsStandalone.Extensions.dll
Registered in 0.007670 seconds.
Native extension for WindowsStandalone target not found
Native extension for WebGL target not found
Refreshing native plugins compatible for Editor in 88.31 ms, found 11 plugins.
Preloading 1 native plugins for Editor in 0.07 ms.
Mono: successfully reloaded assembly
- Completed reload, in  0.690 seconds
Domain Reload Profiling:
	ReloadAssembly (691ms)
		BeginReloadAssembly (173ms)
			ExecutionOrderSort (0ms)
			DisableScriptedObjects (0ms)
			BackupInstance (0ms)
			ReleaseScriptingObjects (0ms)
			CreateAndSetChildDomain (1ms)
		EndReloadAssembly (420ms)
			LoadAssemblies (169ms)
			RebuildTransferFunctionScriptingTraits (0ms)
			SetupTypeCache (103ms)
			ReleaseScriptCaches (0ms)
			RebuildScriptCaches (24ms)
			SetupLoadedEditorAssemblies (245ms)
				LogAssemblyErrors (0ms)
				InitializePlatformSupportModulesInManaged (9ms)
				SetLoadedEditorAssemblies (0ms)
				RefreshPlugins (89ms)
				BeforeProcessingInitializeOnLoad (1ms)
				ProcessInitializeOnLoadAttributes (104ms)
				ProcessInitializeOnLoadMethodAttributes (42ms)
				AfterProcessingInitializeOnLoad (0ms)
				EditorAssembliesLoaded (0ms)
			ExecutionOrderSort2 (0ms)
			AwakeInstancesAfterBackupRestoration (0ms)
Platform modules already initialized, skipping
Registering precompiled user dll's ...
Registered in 0.009121 seconds.
Begin MonoManager ReloadAssembly
Native extension for WindowsStandalone target not found
Native extension for WebGL target not found
Refreshing native plugins compatible for Editor in 88.05 ms, found 11 plugins.
Preloading 1 native plugins for Editor in 0.07 ms.
Package Manager log level set to [2]
System.Reflection.TargetInvocationException: Exception has been thrown by the target of an invocation. ---> System.NullReferenceException: Object reference not set to an instance of an object
  at Unity.XR.Oculus.OculusLoader.AssetPathToAbsolutePath (System.String assetPath) [0x0003d] in C:\Users\Asus\Desktop\VR-Labs\UNITY\AR VR\Library\PackageCache\com.unity.xr.oculus@3.0.2\Runtime\OculusLoader.cs:271 
  at Unity.XR.Oculus.OculusLoader.EditorLoadOVRPlugin () [0x0007b] in C:\Users\Asus\Desktop\VR-Labs\UNITY\AR VR\Library\PackageCache\com.unity.xr.oculus@3.0.2\Runtime\OculusLoader.cs:256 
  at (wrapper managed-to-native) System.Reflection.RuntimeMethodInfo.InternalInvoke(System.Reflection.RuntimeMethodInfo,object,object[],System.Exception&)
  at System.Reflection.RuntimeMethodInfo.Invoke (System.Object obj, System.Reflection.BindingFlags invokeAttr, System.Reflection.Binder binder, System.Object[] parameters, System.Globalization.CultureInfo culture) [0x0006a] in <9aad1b3a47484d63ba2b3985692d80e9>:0 
   --- End of inner exception stack trace ---
  at System.Reflection.RuntimeMethodInfo.Invoke (System.Object obj, System.Reflection.BindingFlags invokeAttr, System.Reflection.Binder binder, System.Object[] parameters, System.Globalization.CultureInfo culture) [0x00083] in <9aad1b3a47484d63ba2b3985692d80e9>:0 
  at System.Reflection.MethodBase.Invoke (System.Object obj, System.Object[] parameters) [0x00000] in <9aad1b3a47484d63ba2b3985692d80e9>:0 
  at UnityEditor.EditorAssemblies.ProcessInitializeOnLoadMethodAttributes () [0x000a5] in <99feab6f3db6407493924fe4a179a95b>:0 
UnityEngine.StackTraceUtility:ExtractStackTrace ()
UnityEngine.DebugLogHandler:LogFormat (UnityEngine.LogType,UnityEngine.Object,string,object[])
UnityEngine.Logger:Log (UnityEngine.LogType,object)
UnityEngine.Debug:LogError (object)
UnityEditor.EditorAssemblies:ProcessInitializeOnLoadMethodAttributes ()

Mono: successfully reloaded assembly
- Completed reload, in  1.265 seconds
Domain Reload Profiling:
	ReloadAssembly (1266ms)
		BeginReloadAssembly (111ms)
			ExecutionOrderSort (0ms)
			DisableScriptedObjects (5ms)
			BackupInstance (0ms)
			ReleaseScriptingObjects (0ms)
			CreateAndSetChildDomain (25ms)
		EndReloadAssembly (1043ms)
			LoadAssemblies (197ms)
			RebuildTransferFunctionScriptingTraits (0ms)
			SetupTypeCache (255ms)
			ReleaseScriptCaches (1ms)
			RebuildScriptCaches (55ms)
			SetupLoadedEditorAssemblies (495ms)
				LogAssemblyErrors (0ms)
				InitializePlatformSupportModulesInManaged (5ms)
				SetLoadedEditorAssemblies (0ms)
				RefreshPlugins (88ms)
				BeforeProcessingInitializeOnLoad (86ms)
				ProcessInitializeOnLoadAttributes (274ms)
				ProcessInitializeOnLoadMethodAttributes (37ms)
				AfterProcessingInitializeOnLoad (5ms)
				EditorAssembliesLoaded (0ms)
			ExecutionOrderSort2 (0ms)
			AwakeInstancesAfterBackupRestoration (6ms)
Platform modules already initialized, skipping
========================================================================
Worker process is ready to serve import requests
Launched and connected shader compiler UnityShaderCompiler.exe after 0.06 seconds
Refreshing native plugins compatible for Editor in 0.97 ms, found 11 plugins.
Preloading 1 native plugins for Editor in 0.19 ms.
Unloading 4084 Unused Serialized files (Serialized files now loaded: 0)
Unloading 49 unused Assets / (114.4 KB). Loaded Objects now: 4526.
Memory consumption went from 142.7 MB to 142.6 MB.
Total: 3.905500 ms (FindLiveObjects: 0.552500 ms CreateObjectMapping: 0.113500 ms MarkObjects: 3.018800 ms  DeleteObjects: 0.219400 ms)

AssetImportParameters requested are different than current active one (requested -> active):
  custom:video-decoder-ogg-theora: a1e56fd34408186e4bbccfd4996cb3dc -> 
  custom:container-muxer-webm: aa71ff27fc2769a1b78a27578f13a17b -> 
  custom:container-demuxer-webm: 4f35f7cbe854078d1ac9338744f61a02 -> 
  custom:video-encoder-webm-vp8: eb34c28f22e8b96e1ab97ce403110664 -> 
  custom:audio-encoder-webm-vorbis: bf7c407c2cedff20999df2af8eb42d56 -> 
  custom:framework-win-MediaFoundation: 216162199b28c13a410421893ffa2e32 -> 
  custom:container-demuxer-ogg: 62fdf1f143b41e24485cea50d1cbac27 -> 
  custom:video-decoder-webm-vp8: 9c59270c3fd7afecdb556c50c9e8de78 -> 
  custom:audio-decoder-ogg-vorbis: bf7c407c2cedff20999df2af8eb42d56 -> 
========================================================================
Received Import Request.
  Time since last request: 10122.242475 seconds.
  path: Assets/cro.fbx
  artifactKey: Guid(b1c97dcd269b40c498aa49513ca5d60e) Importer(815301076,1909f56bfc062723c751e8b465ee728b)
Start importing Assets/cro.fbx using Guid(b1c97dcd269b40c498aa49513ca5d60e) Importer(815301076,1909f56bfc062723c751e8b465ee728b)  -> (artifact id: '24515aeac78372494cba96f6bda14f52') in 0.651174 seconds 
========================================================================
Received Import Request.
  Time since last request: 255.517152 seconds.
  path: Packages/com.unity.inputsystem/InputSystem/Editor/AssetEditor/Resources/personal/actionTreeBackground.png
  artifactKey: Guid(ce5f11cd993284c4f9c54f854bdc8c9c) Importer(815301076,1909f56bfc062723c751e8b465ee728b)
Start importing Packages/com.unity.inputsystem/InputSystem/Editor/AssetEditor/Resources/personal/actionTreeBackground.png using Guid(ce5f11cd993284c4f9c54f854bdc8c9c) Importer(815301076,1909f56bfc062723c751e8b465ee728b)  -> (artifact id: '08ceb73a9ba8b774352ebb01f984edb4') in 0.122662 seconds 
========================================================================
Received Import Request.
  Time since last request: 0.000221 seconds.
  path: Packages/com.unity.inputsystem/InputSystem/Editor/Icons/Add Binding@3x.png
  artifactKey: Guid(8be1fbf4b24de44c99840805bdae9e40) Importer(815301076,1909f56bfc062723c751e8b465ee728b)
Start importing Packages/com.unity.inputsystem/InputSystem/Editor/Icons/Add Binding@3x.png using Guid(8be1fbf4b24de44c99840805bdae9e40) Importer(815301076,1909f56bfc062723c751e8b465ee728b)  -> (artifact id: 'e08b0015a4a9b29fe8faf2e195e8cea5') in 0.074848 seconds 
========================================================================
Received Import Request.
  Time since last request: 0.000118 seconds.
  path: Packages/com.unity.inputsystem/InputSystem/Editor/AssetEditor/Resources/pro/actionTreeBackground.png
  artifactKey: Guid(c4b66e31395c54087a2fbc13ae7e0f3c) Importer(815301076,1909f56bfc062723c751e8b465ee728b)
Start importing Packages/com.unity.inputsystem/InputSystem/Editor/AssetEditor/Resources/pro/actionTreeBackground.png using Guid(c4b66e31395c54087a2fbc13ae7e0f3c) Importer(815301076,1909f56bfc062723c751e8b465ee728b)  -> (artifact id: 'a6aad5f30d4b5ca11a609e681674e3b9') in 0.025916 seconds 
========================================================================
Received Import Request.
  Time since last request: 0.000172 seconds.
  path: Packages/com.unity.inputsystem/InputSystem/Editor/AssetEditor/Resources/pro/actionTreeBackgroundWithoutBorder.png
  artifactKey: Guid(943deaaee9c9347e0a455aa208526c42) Importer(815301076,1909f56bfc062723c751e8b465ee728b)
Start importing Packages/com.unity.inputsystem/InputSystem/Editor/AssetEditor/Resources/pro/actionTreeBackgroundWithoutBorder.png using Guid(943deaaee9c9347e0a455aa208526c42) Importer(815301076,1909f56bfc062723c751e8b465ee728b)  -> (artifact id: '2f631d51494a44a4986f8359cd8490be') in 0.057196 seconds 
========================================================================
Received Import Request.
  Time since last request: 0.807588 seconds.
  path: Packages/com.unity.collab-proxy/Editor/Collaborate/Assets/Icons/added-file-dark.png
  artifactKey: Guid(1a4f52b613391cd449af3ad2e44affeb) Importer(815301076,1909f56bfc062723c751e8b465ee728b)
Start importing Packages/com.unity.collab-proxy/Editor/Collaborate/Assets/Icons/added-file-dark.png using Guid(1a4f52b613391cd449af3ad2e44affeb) Importer(815301076,1909f56bfc062723c751e8b465ee728b)  -> (artifact id: 'cab6610d41e358b33274bb4941dde20c') in 0.103666 seconds 
========================================================================
Received Import Request.
  Time since last request: 0.000178 seconds.
  path: Packages/com.unity.collab-proxy/Editor/Collaborate/Assets/Icons/added-file-dark@2x.png
  artifactKey: Guid(c223e0c507e2c6549a2cb97441b62cbe) Importer(815301076,1909f56bfc062723c751e8b465ee728b)
Start importing Packages/com.unity.collab-proxy/Editor/Collaborate/Assets/Icons/added-file-dark@2x.png using Guid(c223e0c507e2c6549a2cb97441b62cbe) Importer(815301076,1909f56bfc062723c751e8b465ee728b)  -> (artifact id: '175bf75468f7a163194bcae531549ad2') in 0.066390 seconds 
========================================================================
Received Import Request.
  Time since last request: 0.000154 seconds.
  path: Packages/com.unity.collab-proxy/Editor/Collaborate/Assets/Icons/added-file-light@2x.png
  artifactKey: Guid(ec2e3aa6d0ab8ce4eac29b56d65d61d5) Importer(815301076,1909f56bfc062723c751e8b465ee728b)
Start importing Packages/com.unity.collab-proxy/Editor/Collaborate/Assets/Icons/added-file-light@2x.png using Guid(ec2e3aa6d0ab8ce4eac29b56d65d61d5) Importer(815301076,1909f56bfc062723c751e8b465ee728b)  -> (artifact id: 'e31dc92f1019e58544ef403b93ebb4f8') in 0.056107 seconds 
========================================================================
Received Import Request.
  Time since last request: 0.105331 seconds.
  path: Packages/com.unity.inputsystem/InputSystem/Editor/Icons/Axis@3x.png
  artifactKey: Guid(2e27a82b5cc4e4ef98cbef2d0b324aed) Importer(815301076,1909f56bfc062723c751e8b465ee728b)
Start importing Packages/com.unity.inputsystem/InputSystem/Editor/Icons/Axis@3x.png using Guid(2e27a82b5cc4e4ef98cbef2d0b324aed) Importer(815301076,1909f56bfc062723c751e8b465ee728b)  -> (artifact id: '673f21a5227bcca6e80ec2cd76677bfc') in 0.036727 seconds 
========================================================================
Received Import Request.
  Time since last request: 0.187551 seconds.
  path: Packages/com.unity.collab-proxy/Editor/Collaborate/Assets/Icons/back-dark.png
  artifactKey: Guid(8e3ec2dfd58b79842aa78376678a9a05) Importer(815301076,1909f56bfc062723c751e8b465ee728b)
Start importing Packages/com.unity.collab-proxy/Editor/Collaborate/Assets/Icons/back-dark.png using Guid(8e3ec2dfd58b79842aa78376678a9a05) Importer(815301076,1909f56bfc062723c751e8b465ee728b)  -> (artifact id: '462287ee0f7426ba3fb8c3a3dca3c22d') in 0.051878 seconds 
========================================================================
Received Import Request.
  Time since last request: 0.000137 seconds.
  path: Packages/com.unity.collab-proxy/Editor/Collaborate/Assets/Icons/back-dark@2x.png
  artifactKey: Guid(9c6313a5316f8a34b852bf94ff96e3ab) Importer(815301076,1909f56bfc062723c751e8b465ee728b)
Start importing Packages/com.unity.collab-proxy/Editor/Collaborate/Assets/Icons/back-dark@2x.png using Guid(9c6313a5316f8a34b852bf94ff96e3ab) Importer(815301076,1909f56bfc062723c751e8b465ee728b)  -> (artifact id: '2c5a16719dab76482107a69240d7b474') in 0.084598 seconds 
========================================================================
Received Import Request.
  Time since last request: 36.845084 seconds.
  path: Packages/com.unity.inputsystem/InputSystem/Editor/Icons/Stick@4x.png
  artifactKey: Guid(f5ace3d653812436a812bebfe7f9a242) Importer(815301076,1909f56bfc062723c751e8b465ee728b)
Start importing Packages/com.unity.inputsystem/InputSystem/Editor/Icons/Stick@4x.png using Guid(f5ace3d653812436a812bebfe7f9a242) Importer(815301076,1909f56bfc062723c751e8b465ee728b)  -> (artifact id: '3e91f691952981a473ae4ac53ebb15f2') in 0.089482 seconds 
========================================================================
Received Import Request.
  Time since last request: 0.000087 seconds.
  path: Packages/com.unity.timeline/Editor/StyleSheets/Images/LightSkin/TimelineActivation.png
  artifactKey: Guid(2887294cc7f1fe840bff6e349409648d) Importer(815301076,1909f56bfc062723c751e8b465ee728b)
Start importing Packages/com.unity.timeline/Editor/StyleSheets/Images/LightSkin/TimelineActivation.png using Guid(2887294cc7f1fe840bff6e349409648d) Importer(815301076,1909f56bfc062723c751e8b465ee728b)  -> (artifact id: '190159631df191cb06c73448e54a241f') in 0.080469 seconds 
========================================================================
Received Import Request.
  Time since last request: 0.000111 seconds.
  path: Packages/com.unity.timeline/Editor/StyleSheets/Images/DarkSkin/TimelineAutokey.png
  artifactKey: Guid(92b5e4310629b264dad0fb2cc196d818) Importer(815301076,1909f56bfc062723c751e8b465ee728b)
Start importing Packages/com.unity.timeline/Editor/StyleSheets/Images/DarkSkin/TimelineAutokey.png using Guid(92b5e4310629b264dad0fb2cc196d818) Importer(815301076,1909f56bfc062723c751e8b465ee728b)  -> (artifact id: '7dfd9f3e318ca0a7077553c830b222f8') in 0.043172 seconds 
========================================================================
Received Import Request.
  Time since last request: 0.922894 seconds.
  path: Packages/com.unity.collab-proxy/Editor/PlasticSCM/Assets/Images/step3@2x.png
  artifactKey: Guid(36e6970b84831434a9eac79abd03700b) Importer(815301076,1909f56bfc062723c751e8b465ee728b)
Start importing Packages/com.unity.collab-proxy/Editor/PlasticSCM/Assets/Images/step3@2x.png using Guid(36e6970b84831434a9eac79abd03700b) Importer(815301076,1909f56bfc062723c751e8b465ee728b)  -> (artifact id: '449bf7e7aa129410bcb489dc496cb9c0') in 0.207142 seconds 
========================================================================
Received Import Request.
  Time since last request: 0.000179 seconds.
  path: Packages/com.unity.collab-proxy/Editor/PlasticSCM/Assets/Images/step2.png
  artifactKey: Guid(cd0b17b71a5c498428ee91dee8a78a88) Importer(815301076,1909f56bfc062723c751e8b465ee728b)
Start importing Packages/com.unity.collab-proxy/Editor/PlasticSCM/Assets/Images/step2.png using Guid(cd0b17b71a5c498428ee91dee8a78a88) Importer(815301076,1909f56bfc062723c751e8b465ee728b)  -> (artifact id: '03115d529058c2b14f01c8d92998dd11') in 0.076647 seconds 
========================================================================
Received Import Request.
  Time since last request: 0.218104 seconds.
  path: Packages/com.unity.collab-proxy/Editor/Collaborate/Assets/Icons/status-warning-dark@2x.png
  artifactKey: Guid(98d032c68be4a784ab77b461c5341fc8) Importer(815301076,1909f56bfc062723c751e8b465ee728b)
Start importing Packages/com.unity.collab-proxy/Editor/Collaborate/Assets/Icons/status-warning-dark@2x.png using Guid(98d032c68be4a784ab77b461c5341fc8) Importer(815301076,1909f56bfc062723c751e8b465ee728b)  -> (artifact id: '1dec6e69cf22f06b5c2926456b385910') in 0.049074 seconds 
========================================================================
Received Import Request.
  Time since last request: 0.323122 seconds.
  path: Packages/com.unity.collab-proxy/Editor/Collaborate/Assets/Icons/status-error-light@2x.png
  artifactKey: Guid(b99e43bf99b3c954f91bde2ad0c1eac2) Importer(815301076,1909f56bfc062723c751e8b465ee728b)
Start importing Packages/com.unity.collab-proxy/Editor/Collaborate/Assets/Icons/status-error-light@2x.png using Guid(b99e43bf99b3c954f91bde2ad0c1eac2) Importer(815301076,1909f56bfc062723c751e8b465ee728b)  -> (artifact id: '6c9781ecf83a90d8db2a3853327d9df9') in 0.042906 seconds 
========================================================================
Received Import Request.
  Time since last request: 0.331134 seconds.
  path: Packages/com.unity.collab-proxy/Editor/PlasticSCM/Assets/Images/secondarytabclosehover.png
  artifactKey: Guid(8fac55fff4ce5fa40a7b2efefc0e617a) Importer(815301076,1909f56bfc062723c751e8b465ee728b)
Start importing Packages/com.unity.collab-proxy/Editor/PlasticSCM/Assets/Images/secondarytabclosehover.png using Guid(8fac55fff4ce5fa40a7b2efefc0e617a) Importer(815301076,1909f56bfc062723c751e8b465ee728b)  -> (artifact id: 'c10ec327c72380f4d7ae7ad56e5f9e67') in 1.290771 seconds 
========================================================================
Received Import Request.
  Time since last request: 0.000077 seconds.
  path: Packages/com.unity.collab-proxy/Editor/Collaborate/Assets/Icons/search-light.png
  artifactKey: Guid(5ce43a8ae9d640f4cb77136d601fc0d8) Importer(815301076,1909f56bfc062723c751e8b465ee728b)
Start importing Packages/com.unity.collab-proxy/Editor/Collaborate/Assets/Icons/search-light.png using Guid(5ce43a8ae9d640f4cb77136d601fc0d8) Importer(815301076,1909f56bfc062723c751e8b465ee728b)  -> (artifact id: 'a6024d645ceacc70fe161f1d7e1623a4') in 0.109333 seconds 
========================================================================
Received Import Request.
  Time since last request: 0.049441 seconds.
  path: Packages/com.unity.collab-proxy/Editor/PlasticSCM/Assets/Images/d_stevejobsbuhochristmas.png
  artifactKey: Guid(08c91a7677e66844281a99aaf6ea36f1) Importer(815301076,1909f56bfc062723c751e8b465ee728b)
Start importing Packages/com.unity.collab-proxy/Editor/PlasticSCM/Assets/Images/d_stevejobsbuhochristmas.png using Guid(08c91a7677e66844281a99aaf6ea36f1) Importer(815301076,1909f56bfc062723c751e8b465ee728b)  -> (artifact id: '153118521b6472f28aa548d8f922122e') in 0.123818 seconds 
========================================================================
Received Import Request.
  Time since last request: 0.000097 seconds.
  path: Packages/com.unity.collab-proxy/Editor/Collaborate/Assets/Icons/choose-remote-dark.png
  artifactKey: Guid(289215d22fcafb941b9e25f8609e25b9) Importer(815301076,1909f56bfc062723c751e8b465ee728b)
Start importing Packages/com.unity.collab-proxy/Editor/Collaborate/Assets/Icons/choose-remote-dark.png using Guid(289215d22fcafb941b9e25f8609e25b9) Importer(815301076,1909f56bfc062723c751e8b465ee728b)  -> (artifact id: '92071b9301626638eada998bfd1fcb8f') in 0.088557 seconds 
========================================================================
Received Import Request.
  Time since last request: 0.000156 seconds.
  path: Packages/com.unity.collab-proxy/Editor/Collaborate/Assets/Icons/collaborate-done-light.png
  artifactKey: Guid(68d404d4616084f449a3bc644c023f2c) Importer(815301076,1909f56bfc062723c751e8b465ee728b)
Start importing Packages/com.unity.collab-proxy/Editor/Collaborate/Assets/Icons/collaborate-done-light.png using Guid(68d404d4616084f449a3bc644c023f2c) Importer(815301076,1909f56bfc062723c751e8b465ee728b)  -> (artifact id: '39d64820fad2081b30e3625e72a2538f') in 0.110801 seconds 
========================================================================
Received Import Request.
  Time since last request: 0.000284 seconds.
  path: Packages/com.unity.inputsystem/InputSystem/Editor/Icons/d_Stick.png
  artifactKey: Guid(55040e210fa9b426b861a26909ab4de7) Importer(815301076,1909f56bfc062723c751e8b465ee728b)
Start importing Packages/com.unity.inputsystem/InputSystem/Editor/Icons/d_Stick.png using Guid(55040e210fa9b426b861a26909ab4de7) Importer(815301076,1909f56bfc062723c751e8b465ee728b)  -> (artifact id: 'b4739976db177591793bebd1e5a8048f') in 0.095948 seconds 
========================================================================
Received Import Request.
  Time since last request: 0.000266 seconds.
  path: Packages/com.unity.inputsystem/InputSystem/Editor/Icons/d_Stick@4x.png
  artifactKey: Guid(f2fd4d7aa99c94a67a6a137fe979a760) Importer(815301076,1909f56bfc062723c751e8b465ee728b)
Start importing Packages/com.unity.inputsystem/InputSystem/Editor/Icons/d_Stick@4x.png using Guid(f2fd4d7aa99c94a67a6a137fe979a760) Importer(815301076,1909f56bfc062723c751e8b465ee728b)  -> (artifact id: '556c6ab10bc479e4d2062f0daaed3c29') in 0.093240 seconds 
========================================================================
Received Import Request.
  Time since last request: 0.000158 seconds.
  path: Packages/com.unity.collab-proxy/Editor/PlasticSCM/Assets/Images/d_genericbuhoshe1.png
  artifactKey: Guid(f2901efd8bb16bc408ad37f017fbf9bc) Importer(815301076,1909f56bfc062723c751e8b465ee728b)
Start importing Packages/com.unity.collab-proxy/Editor/PlasticSCM/Assets/Images/d_genericbuhoshe1.png using Guid(f2901efd8bb16bc408ad37f017fbf9bc) Importer(815301076,1909f56bfc062723c751e8b465ee728b)  -> (artifact id: '1b757baaa6b8ef639f55b36756d6c915') in 0.154105 seconds 
========================================================================
Received Import Request.
  Time since last request: 0.000130 seconds.
  path: Packages/com.unity.collab-proxy/Editor/PlasticSCM/Assets/Images/d_genericbuhoshe2.png
  artifactKey: Guid(17035c204825f6340a252046ab6476fd) Importer(815301076,1909f56bfc062723c751e8b465ee728b)
Start importing Packages/com.unity.collab-proxy/Editor/PlasticSCM/Assets/Images/d_genericbuhoshe2.png using Guid(17035c204825f6340a252046ab6476fd) Importer(815301076,1909f56bfc062723c751e8b465ee728b)  -> (artifact id: '08b637ff9ff3bcc428e9f150e35c426b') in 0.131710 seconds 
========================================================================
Received Import Request.
  Time since last request: 0.000283 seconds.
  path: Packages/com.unity.collab-proxy/Editor/Collaborate/Assets/Icons/collaborate-done-dark.png
  artifactKey: Guid(80c31f397a3ab184bae2f0d4b3dc5c1d) Importer(815301076,1909f56bfc062723c751e8b465ee728b)
Start importing Packages/com.unity.collab-proxy/Editor/Collaborate/Assets/Icons/collaborate-done-dark.png using Guid(80c31f397a3ab184bae2f0d4b3dc5c1d) Importer(815301076,1909f56bfc062723c751e8b465ee728b)  -> (artifact id: '4fb3984cd0ab59cc7e9d8281750f41ec') in 0.092669 seconds 
========================================================================
Received Import Request.
  Time since last request: 0.000154 seconds.
  path: Packages/com.unity.collab-proxy/Editor/PlasticSCM/Assets/Images/d_iconlockedremoteoverlay@2x.png
  artifactKey: Guid(2bb4e96f5d0b02c468932d665a015c54) Importer(815301076,1909f56bfc062723c751e8b465ee728b)
Start importing Packages/com.unity.collab-proxy/Editor/PlasticSCM/Assets/Images/d_iconlockedremoteoverlay@2x.png using Guid(2bb4e96f5d0b02c468932d665a015c54) Importer(815301076,1909f56bfc062723c751e8b465ee728b)  -> (artifact id: '95f476f50510957474cf2c9237265e35') in 0.113502 seconds 
========================================================================
Received Import Request.
  Time since last request: 0.000192 seconds.
  path: Packages/com.unity.collab-proxy/Editor/Collaborate/Assets/Icons/choose-mine-light.png
  artifactKey: Guid(2c0bdcbf152ceb64ba9b01cc370a9092) Importer(815301076,1909f56bfc062723c751e8b465ee728b)
Start importing Packages/com.unity.collab-proxy/Editor/Collaborate/Assets/Icons/choose-mine-light.png using Guid(2c0bdcbf152ceb64ba9b01cc370a9092) Importer(815301076,1909f56bfc062723c751e8b465ee728b)  -> (artifact id: 'ffa978789e359db85378a6b1d436faf1') in 0.079543 seconds 
========================================================================
Received Import Request.
  Time since last request: 0.000098 seconds.
  path: Packages/com.unity.collab-proxy/Editor/Collaborate/Assets/Icons/collaborate-done-light@2x.png
  artifactKey: Guid(efbf52d7ee1264d478d63a17b943941a) Importer(815301076,1909f56bfc062723c751e8b465ee728b)
Start importing Packages/com.unity.collab-proxy/Editor/Collaborate/Assets/Icons/collaborate-done-light@2x.png using Guid(efbf52d7ee1264d478d63a17b943941a) Importer(815301076,1909f56bfc062723c751e8b465ee728b)  -> (artifact id: 'c68c3be59665c359d5535115882ca7c0') in 0.050004 seconds 
========================================================================
Received Import Request.
  Time since last request: 21.479647 seconds.
  path: Packages/com.unity.collab-proxy/Editor/PlasticSCM/Assets/Images/notondisk.png
  artifactKey: Guid(b205f4b28f59dda49af458b35d8a3ff3) Importer(815301076,1909f56bfc062723c751e8b465ee728b)
Start importing Packages/com.unity.collab-proxy/Editor/PlasticSCM/Assets/Images/notondisk.png using Guid(b205f4b28f59dda49af458b35d8a3ff3) Importer(815301076,1909f56bfc062723c751e8b465ee728b)  -> (artifact id: 'aab4e70bc7ad91650b1f88f86695dfc2') in 0.081755 seconds 
========================================================================
Received Import Request.
  Time since last request: 465.917471 seconds.
  path: Assets/room_materials/textures/table_top_diffuse.png
  artifactKey: Guid(65b7366a32e681243854bf717c180d0b) Importer(815301076,1909f56bfc062723c751e8b465ee728b)
Start importing Assets/room_materials/textures/table_top_diffuse.png using Guid(65b7366a32e681243854bf717c180d0b) Importer(815301076,1909f56bfc062723c751e8b465ee728b)  -> (artifact id: '5ed2b39881c800af3015df7c1fb7d402') in 0.050709 seconds 
========================================================================
Received Import Request.
  Time since last request: 30.017440 seconds.
  path: Assets/room_materials/textures/New Material.mat
  artifactKey: Guid(932735346bc17d54199f68e130fd7122) Importer(815301076,1909f56bfc062723c751e8b465ee728b)
Start importing Assets/room_materials/textures/New Material.mat using Guid(932735346bc17d54199f68e130fd7122) Importer(815301076,1909f56bfc062723c751e8b465ee728b)  -> (artifact id: '05e7dbf5fa1ebdd3252830c9efb7209c') in 0.110577 seconds 
========================================================================
Received Import Request.
  Time since last request: 181.689993 seconds.
  path: Assets/room_materials/textures/table_top_diffuse.png
  artifactKey: Guid(65b7366a32e681243854bf717c180d0b) Importer(815301076,1909f56bfc062723c751e8b465ee728b)
Start importing Assets/room_materials/textures/table_top_diffuse.png using Guid(65b7366a32e681243854bf717c180d0b) Importer(815301076,1909f56bfc062723c751e8b465ee728b)  -> (artifact id: '67e83f906edc00f543e7a733e5e25726') in 0.029655 seconds 
========================================================================
Received Import Request.
  Time since last request: 109.546058 seconds.
  path: Assets/room_materials/textures/table_top_diffuse.png
  artifactKey: Guid(65b7366a32e681243854bf717c180d0b) Importer(815301076,1909f56bfc062723c751e8b465ee728b)
Start importing Assets/room_materials/textures/table_top_diffuse.png using Guid(65b7366a32e681243854bf717c180d0b) Importer(815301076,1909f56bfc062723c751e8b465ee728b)  -> (artifact id: 'b3e61f7b622b1ccebf3b6b2676afa9d8') in 0.028216 seconds 
========================================================================
Received Import Request.
  Time since last request: 102.459577 seconds.
  path: Assets/room_materials/textures/table_top_diffuse.png
  artifactKey: Guid(65b7366a32e681243854bf717c180d0b) Importer(815301076,1909f56bfc062723c751e8b465ee728b)
Start importing Assets/room_materials/textures/table_top_diffuse.png using Guid(65b7366a32e681243854bf717c180d0b) Importer(815301076,1909f56bfc062723c751e8b465ee728b)  -> (artifact id: '7d7468ab5d841b0e55727a8f6af0d93e') in 0.036008 seconds 
========================================================================
Received Import Request.
  Time since last request: 156.558120 seconds.
  path: Assets/room_materials/textures/table_top_normal.png
  artifactKey: Guid(05f3c826219935541a56ad690d5281e4) Importer(815301076,1909f56bfc062723c751e8b465ee728b)
Start importing Assets/room_materials/textures/table_top_normal.png using Guid(05f3c826219935541a56ad690d5281e4) Importer(815301076,1909f56bfc062723c751e8b465ee728b)  -> (artifact id: '88f7f98c95c2e80c2a1738b0cca71c0c') in 0.037767 seconds 
========================================================================
Received Import Request.
  Time since last request: 509.459725 seconds.
  path: Assets/room_materials/textures/table_top_diffuse2.png
  artifactKey: Guid(315c4407649f5d8488522225b06a931e) Importer(815301076,1909f56bfc062723c751e8b465ee728b)
Start importing Assets/room_materials/textures/table_top_diffuse2.png using Guid(315c4407649f5d8488522225b06a931e) Importer(815301076,1909f56bfc062723c751e8b465ee728b)  -> (artifact id: '7fdc79393e14c6f84a1583cb5f04540b') in 0.037681 seconds 
========================================================================
Received Import Request.
  Time since last request: 0.000179 seconds.
  path: Assets/room_materials/textures/table_top_shadow.png
  artifactKey: Guid(dc17b6c7cf298ed4bb4bf9bd8c6514f8) Importer(815301076,1909f56bfc062723c751e8b465ee728b)
Start importing Assets/room_materials/textures/table_top_shadow.png using Guid(dc17b6c7cf298ed4bb4bf9bd8c6514f8) Importer(815301076,1909f56bfc062723c751e8b465ee728b)  -> (artifact id: '752dee8ea572451e3fd674028df8ba0b') in 0.031781 seconds 
========================================================================
Received Import Request.
  Time since last request: 206.750293 seconds.
  path: Assets/room_materials/textures/table_top_shadow.png
  artifactKey: Guid(dc17b6c7cf298ed4bb4bf9bd8c6514f8) Importer(815301076,1909f56bfc062723c751e8b465ee728b)
Start importing Assets/room_materials/textures/table_top_shadow.png using Guid(dc17b6c7cf298ed4bb4bf9bd8c6514f8) Importer(815301076,1909f56bfc062723c751e8b465ee728b)  -> (artifact id: '3e26109d0c209f4e128a68e8e6976b13') in 0.032528 seconds 
========================================================================
Received Import Request.
  Time since last request: 371.603986 seconds.
  path: Assets/room_materials/textures/table_top_diffuse2.png
  artifactKey: Guid(315c4407649f5d8488522225b06a931e) Importer(815301076,1909f56bfc062723c751e8b465ee728b)
Start importing Assets/room_materials/textures/table_top_diffuse2.png using Guid(315c4407649f5d8488522225b06a931e) Importer(815301076,1909f56bfc062723c751e8b465ee728b)  -> (artifact id: '0ab4193bed5d0f34f500c386b822411b') in 0.022453 seconds 
========================================================================
Received Import Request.
  Time since last request: 3586.242105 seconds.
  path: Assets/room_materials/textures/table_top_diffuse2.png
  artifactKey: Guid(315c4407649f5d8488522225b06a931e) Importer(815301076,1909f56bfc062723c751e8b465ee728b)
Start importing Assets/room_materials/textures/table_top_diffuse2.png using Guid(315c4407649f5d8488522225b06a931e) Importer(815301076,1909f56bfc062723c751e8b465ee728b)  -> (artifact id: 'd9d0bcb3f2689531dc9e8c67a312dba2') in 0.061966 seconds 
========================================================================
Received Import Request.
  Time since last request: 112.583815 seconds.
  path: Assets/room_materials/textures/table_top_normal.png
  artifactKey: Guid(05f3c826219935541a56ad690d5281e4) Importer(815301076,1909f56bfc062723c751e8b465ee728b)
Start importing Assets/room_materials/textures/table_top_normal.png using Guid(05f3c826219935541a56ad690d5281e4) Importer(815301076,1909f56bfc062723c751e8b465ee728b)  -> (artifact id: '56bfa18a090ea02f51aed639f1fa9906') in 0.019119 seconds 
========================================================================
Received Import Request.
  Time since last request: 741.153144 seconds.
  path: Assets/room_materials/textures/table_bottom_right.png
  artifactKey: Guid(2521b3aaf15fb18419745bcb75119412) Importer(815301076,1909f56bfc062723c751e8b465ee728b)
Start importing Assets/room_materials/textures/table_bottom_right.png using Guid(2521b3aaf15fb18419745bcb75119412) Importer(815301076,1909f56bfc062723c751e8b465ee728b)  -> (artifact id: 'e6c4f8e6b849151c7e2d174582394ba6') in 0.029402 seconds 
========================================================================
Received Import Request.
  Time since last request: 11.102824 seconds.
  path: Assets/room_materials/textures/New Material 1.mat
  artifactKey: Guid(9bdc6926e41417243b8adc938edbf8b0) Importer(815301076,1909f56bfc062723c751e8b465ee728b)
Start importing Assets/room_materials/textures/New Material 1.mat using Guid(9bdc6926e41417243b8adc938edbf8b0) Importer(815301076,1909f56bfc062723c751e8b465ee728b)  -> (artifact id: 'ea35691463e52531d5b417a9c9ec26d3') in 0.036159 seconds 
========================================================================
Received Import Request.
  Time since last request: 204.938280 seconds.
  path: Assets/room_materials/textures/table_bottom.png
  artifactKey: Guid(7205c4864b4e689419cb59aa4de869f7) Importer(815301076,1909f56bfc062723c751e8b465ee728b)
Start importing Assets/room_materials/textures/table_bottom.png using Guid(7205c4864b4e689419cb59aa4de869f7) Importer(815301076,1909f56bfc062723c751e8b465ee728b)  -> (artifact id: '621f1717f80f00b1f31ae7da1eaee201') in 0.022802 seconds 
========================================================================
Received Import Request.
  Time since last request: 129.937502 seconds.
  path: Assets/room_materials/textures/table_bottom.png
  artifactKey: Guid(7205c4864b4e689419cb59aa4de869f7) Importer(815301076,1909f56bfc062723c751e8b465ee728b)
Start importing Assets/room_materials/textures/table_bottom.png using Guid(7205c4864b4e689419cb59aa4de869f7) Importer(815301076,1909f56bfc062723c751e8b465ee728b)  -> (artifact id: 'f00df02cbd8ccd7d42727ccaa2996a6f') in 0.019188 seconds 
========================================================================
Received Import Request.
  Time since last request: 5297.568148 seconds.
  path: Assets/room_materials/textures/table_bottom_right.png
  artifactKey: Guid(2521b3aaf15fb18419745bcb75119412) Importer(815301076,1909f56bfc062723c751e8b465ee728b)
Start importing Assets/room_materials/textures/table_bottom_right.png using Guid(2521b3aaf15fb18419745bcb75119412) Importer(815301076,1909f56bfc062723c751e8b465ee728b)  -> (artifact id: '48895605e734708cf857b5612b2f3472') in 0.066613 seconds 
========================================================================
Received Import Request.
  Time since last request: 218.893239 seconds.
  path: Assets/room_materials/textures/table_bottom.png
  artifactKey: Guid(7205c4864b4e689419cb59aa4de869f7) Importer(815301076,1909f56bfc062723c751e8b465ee728b)
Start importing Assets/room_materials/textures/table_bottom.png using Guid(7205c4864b4e689419cb59aa4de869f7) Importer(815301076,1909f56bfc062723c751e8b465ee728b)  -> (artifact id: '1894da5f7aca9b1f6d805af6561a40fb') in 0.035926 seconds 
========================================================================
Received Import Request.
  Time since last request: 8.069543 seconds.
  path: Assets/room_materials/textures/New Material 2.mat
  artifactKey: Guid(5f2fe98775d1d6144a92a9213c6a59a3) Importer(815301076,1909f56bfc062723c751e8b465ee728b)
Start importing Assets/room_materials/textures/New Material 2.mat using Guid(5f2fe98775d1d6144a92a9213c6a59a3) Importer(815301076,1909f56bfc062723c751e8b465ee728b)  -> (artifact id: 'd6ce1825d935486e025baa75ef24688d') in 0.035264 seconds 
========================================================================
Received Import Request.
  Time since last request: 351.004660 seconds.
  path: Assets/room_materials/textures/TexturesCom_Pavement_StoneGreen.sbsar
  artifactKey: Guid(9b33eedbf544cba42ab0b2e7b9de4bc6) Importer(815301076,1909f56bfc062723c751e8b465ee728b)
Start importing Assets/room_materials/textures/TexturesCom_Pavement_StoneGreen.sbsar using Guid(9b33eedbf544cba42ab0b2e7b9de4bc6) Importer(815301076,1909f56bfc062723c751e8b465ee728b)  -> (artifact id: '88ad4ec3c7c50a0302379fad3c64cea2') in 0.039183 seconds 
========================================================================
Received Import Request.
  Time since last request: 6035.289250 seconds.
  path: Assets/Scenes
  artifactKey: Guid(0cc1b79de78bc4991892d4d342d7211a) Importer(815301076,1909f56bfc062723c751e8b465ee728b)
Start importing Assets/Scenes using Guid(0cc1b79de78bc4991892d4d342d7211a) Importer(815301076,1909f56bfc062723c751e8b465ee728b)  -> (artifact id: '464905cf348a3030ff915904016b0176') in 0.017725 seconds 
========================================================================
Received Import Request.
  Time since last request: 32.789238 seconds.
  path: Assets/Room2.fbx
  artifactKey: Guid(5818f3bce06c25845aaf5f598e631817) Importer(815301076,1909f56bfc062723c751e8b465ee728b)
Start importing Assets/Room2.fbx using Guid(5818f3bce06c25845aaf5f598e631817) Importer(815301076,1909f56bfc062723c751e8b465ee728b)  -> (artifact id: '2672891e11c120cbe019af57b091e2b0') in 1.495221 seconds 
========================================================================
Received Import Request.
  Time since last request: 36.913804 seconds.
  path: Assets/Materials
  artifactKey: Guid(4c540d8e14a044f4f9f05d39eceb3701) Importer(815301076,1909f56bfc062723c751e8b465ee728b)
Start importing Assets/Materials using Guid(4c540d8e14a044f4f9f05d39eceb3701) Importer(815301076,1909f56bfc062723c751e8b465ee728b)  -> (artifact id: '98d87890446ca48dc8d9b24fc4d7aca2') in 0.011999 seconds 
========================================================================
Received Import Request.
  Time since last request: 628.742208 seconds.
  path: Assets/room_materials/Materials
  artifactKey: Guid(a2f64580243db744d813ef78f7b46d7b) Importer(815301076,1909f56bfc062723c751e8b465ee728b)
Start importing Assets/room_materials/Materials using Guid(a2f64580243db744d813ef78f7b46d7b) Importer(815301076,1909f56bfc062723c751e8b465ee728b)  -> (artifact id: '255efe2149cb661698a8352745973676') in 0.006880 seconds 
========================================================================
Received Import Request.
  Time since last request: 75.901020 seconds.
  path: Assets/room_materials/Materials/table_bottom.mat
  artifactKey: Guid(51215617922f92c4da8f9dd5ee183b23) Importer(815301076,1909f56bfc062723c751e8b465ee728b)
Start importing Assets/room_materials/Materials/table_bottom.mat using Guid(51215617922f92c4da8f9dd5ee183b23) Importer(815301076,1909f56bfc062723c751e8b465ee728b)  -> (artifact id: '252c82f1d92a7b8f0b3b490b2f1bcb8a') in 0.153194 seconds 
========================================================================
Received Import Request.
  Time since last request: 16.038529 seconds.
  path: Assets/ExampleAssets
  artifactKey: Guid(83b7bbecd9fac4db9824039903a1eea8) Importer(815301076,1909f56bfc062723c751e8b465ee728b)
Start importing Assets/ExampleAssets using Guid(83b7bbecd9fac4db9824039903a1eea8) Importer(815301076,1909f56bfc062723c751e8b465ee728b)  -> (artifact id: '7e87ec44381814a26b24ab8af8480de6') in 0.023771 seconds 
========================================================================
Received Import Request.
  Time since last request: 69.485769 seconds.
  path: Assets/room_materials/textures/Room Textures
  artifactKey: Guid(7d74002d0b371e64c83c292d1668ee99) Importer(815301076,1909f56bfc062723c751e8b465ee728b)
Start importing Assets/room_materials/textures/Room Textures using Guid(7d74002d0b371e64c83c292d1668ee99) Importer(815301076,1909f56bfc062723c751e8b465ee728b)  -> (artifact id: 'ca98672cfeedeef036c5158a59c1987c') in 0.010104 seconds 
========================================================================
Received Import Request.
  Time since last request: 1.443048 seconds.
  path: Assets/room_materials/textures/Room Textures/wall
  artifactKey: Guid(472354a5da9656446ba616890d6d3b48) Importer(815301076,1909f56bfc062723c751e8b465ee728b)
Start importing Assets/room_materials/textures/Room Textures/wall using Guid(472354a5da9656446ba616890d6d3b48) Importer(815301076,1909f56bfc062723c751e8b465ee728b)  -> (artifact id: '48109f6568e3bd21d2299c3373f0d4ab') in 0.010310 seconds 
========================================================================
Received Import Request.
  Time since last request: 0.043580 seconds.
  path: Assets/room_materials/textures/Room Textures/wall/walls-side-defuse.png
  artifactKey: Guid(4fcc9e15828cc23429943c3a317ab655) Importer(815301076,1909f56bfc062723c751e8b465ee728b)
Start importing Assets/room_materials/textures/Room Textures/wall/walls-side-defuse.png using Guid(4fcc9e15828cc23429943c3a317ab655) Importer(815301076,1909f56bfc062723c751e8b465ee728b)  -> (artifact id: 'a8a1899cb9c127121b5fa00d52efe2df') in 0.027480 seconds 
========================================================================
Received Import Request.
  Time since last request: 14.289953 seconds.
  path: Assets/room_materials/textures/Room Textures/table
  artifactKey: Guid(1599bdefdf3213d429579ea66714c0e9) Importer(815301076,1909f56bfc062723c751e8b465ee728b)
Start importing Assets/room_materials/textures/Room Textures/table using Guid(1599bdefdf3213d429579ea66714c0e9) Importer(815301076,1909f56bfc062723c751e8b465ee728b)  -> (artifact id: 'd136170499984c11df1f12e12d69c791') in 0.014859 seconds 
========================================================================
Received Import Request.
  Time since last request: 0.028657 seconds.
  path: Assets/room_materials/textures/Room Textures/table/table_top_diffuse.png
  artifactKey: Guid(0bd29f40e85d33b4d92c0238408e2728) Importer(815301076,1909f56bfc062723c751e8b465ee728b)
Start importing Assets/room_materials/textures/Room Textures/table/table_top_diffuse.png using Guid(0bd29f40e85d33b4d92c0238408e2728) Importer(815301076,1909f56bfc062723c751e8b465ee728b)  -> (artifact id: '2f524943d8b017f306cc629368aaafb8') in 0.017517 seconds 
========================================================================
Received Import Request.
  Time since last request: 10.688900 seconds.
  path: Assets/room_materials/textures/Room Textures/wall/New Material.mat
  artifactKey: Guid(5f079fdaad8257e42a4c6c255d5aeceb) Importer(815301076,1909f56bfc062723c751e8b465ee728b)
Start importing Assets/room_materials/textures/Room Textures/wall/New Material.mat using Guid(5f079fdaad8257e42a4c6c255d5aeceb) Importer(815301076,1909f56bfc062723c751e8b465ee728b)  -> (artifact id: '48e8468685ed741cbab606787147fa58') in 0.024402 seconds 
========================================================================
Received Import Request.
  Time since last request: 10.158646 seconds.
  path: Assets/room_materials/textures/Room Textures/wall/wall-side.mat
  artifactKey: Guid(5f079fdaad8257e42a4c6c255d5aeceb) Importer(815301076,1909f56bfc062723c751e8b465ee728b)
Start importing Assets/room_materials/textures/Room Textures/wall/wall-side.mat using Guid(5f079fdaad8257e42a4c6c255d5aeceb) Importer(815301076,1909f56bfc062723c751e8b465ee728b)  -> (artifact id: '718699bbc26b3c3e50b1ac087e82d02d') in 0.018721 seconds 
========================================================================
Received Import Request.
  Time since last request: 293.594899 seconds.
  path: Assets/room_materials/textures/Room Textures/wall/walls-side-4-defuse.png
  artifactKey: Guid(9df31e86e7dbb0e43add28c94fbf4682) Importer(815301076,1909f56bfc062723c751e8b465ee728b)
Start importing Assets/room_materials/textures/Room Textures/wall/walls-side-4-defuse.png using Guid(9df31e86e7dbb0e43add28c94fbf4682) Importer(815301076,1909f56bfc062723c751e8b465ee728b)  -> (artifact id: 'c16e781a8734674d766f72b14ad1cbe6') in 0.020773 seconds 
========================================================================
Received Import Request.
  Time since last request: 15.267023 seconds.
  path: Assets/room_materials/textures/Room Textures/wall/New Material.mat
  artifactKey: Guid(69e158b53b2ab6c489654897a82dac9b) Importer(815301076,1909f56bfc062723c751e8b465ee728b)
Start importing Assets/room_materials/textures/Room Textures/wall/New Material.mat using Guid(69e158b53b2ab6c489654897a82dac9b) Importer(815301076,1909f56bfc062723c751e8b465ee728b)  -> (artifact id: '471d93175f1a3f195c9263effeb319f3') in 0.022280 seconds 
========================================================================
Received Import Request.
  Time since last request: 80.238744 seconds.
  path: Assets/room_materials/textures/Room Textures/wall/walls-side-4-normal.png
  artifactKey: Guid(c606bef650e7ca641b6d24a34c9bd819) Importer(815301076,1909f56bfc062723c751e8b465ee728b)
Start importing Assets/room_materials/textures/Room Textures/wall/walls-side-4-normal.png using Guid(c606bef650e7ca641b6d24a34c9bd819) Importer(815301076,1909f56bfc062723c751e8b465ee728b)  -> (artifact id: '6dcf1d04696dd6037facede66c4099c2') in 0.026950 seconds 
========================================================================
Received Import Request.
  Time since last request: 291.329862 seconds.
  path: Assets/room_materials/textures/Room Textures/wall/walls-side-4-defuse.png
  artifactKey: Guid(9df31e86e7dbb0e43add28c94fbf4682) Importer(815301076,1909f56bfc062723c751e8b465ee728b)
Start importing Assets/room_materials/textures/Room Textures/wall/walls-side-4-defuse.png using Guid(9df31e86e7dbb0e43add28c94fbf4682) Importer(815301076,1909f56bfc062723c751e8b465ee728b)  -> (artifact id: '8fff7f004c1d71318ccd9b99f8dca5c4') in 0.035512 seconds 
========================================================================
Received Import Request.
  Time since last request: 64.252945 seconds.
  path: Assets/room_materials/textures/Room Textures/wall/walls-side-4-defuse.png
  artifactKey: Guid(9df31e86e7dbb0e43add28c94fbf4682) Importer(815301076,1909f56bfc062723c751e8b465ee728b)
Start importing Assets/room_materials/textures/Room Textures/wall/walls-side-4-defuse.png using Guid(9df31e86e7dbb0e43add28c94fbf4682) Importer(815301076,1909f56bfc062723c751e8b465ee728b)  -> (artifact id: 'ef9faf3d453d5a51e5f29503fca4f91f') in 0.025411 seconds 
========================================================================
Received Import Request.
  Time since last request: 599.118780 seconds.
  path: Assets/room_materials/textures/New Material 1.mat
  artifactKey: Guid(9bdc6926e41417243b8adc938edbf8b0) Importer(815301076,1909f56bfc062723c751e8b465ee728b)
Start importing Assets/room_materials/textures/New Material 1.mat using Guid(9bdc6926e41417243b8adc938edbf8b0) Importer(815301076,1909f56bfc062723c751e8b465ee728b)  -> (artifact id: '77317d9cdcc1169f9f10aae2227f90aa') in 0.047026 seconds 
