Using pre-set license
Built from '2021.3/staging' branch; Version is '2021.3.10f1 (1c7d0df0160b) revision 1867021'; Using compiler version '192829333'; Build Type 'Release'
OS: 'Windows 11  (10.0.22621) 64bit CoreSingleLanguage' Language: 'en' Physical Memory: 7597 MB
BatchMode: 1, IsHumanControllingUs: 0, StartBugReporterOnCrash: 0, Is64bit: 1, IsPro: 1

COMMAND LINE ARGUMENTS:
C:\Program Files\Unity\Hub\Editor\2021.3.10f1\Editor\Unity.exe
-adb2
-batchMode
-noUpm
-name
AssetImportWorker2
-projectPath
C:/Users/Asus/Desktop/VR-Labs/UNITY/AR VR
-logFile
Logs/AssetImportWorker2.log
-srvPort
61485
Successfully changed project path to: C:/Users/Asus/Desktop/VR-Labs/UNITY/AR VR
C:/Users/Asus/Desktop/VR-Labs/UNITY/AR VR
[UnityMemory] Configuration Parameters - Can be set up in boot.config
    "memorysetup-bucket-allocator-granularity=16"
    "memorysetup-bucket-allocator-bucket-count=8"
    "memorysetup-bucket-allocator-block-size=33554432"
    "memorysetup-bucket-allocator-block-count=8"
    "memorysetup-main-allocator-block-size=16777216"
    "memorysetup-thread-allocator-block-size=16777216"
    "memorysetup-gfx-main-allocator-block-size=16777216"
    "memorysetup-gfx-thread-allocator-block-size=16777216"
    "memorysetup-cache-allocator-block-size=4194304"
    "memorysetup-typetree-allocator-block-size=2097152"
    "memorysetup-profiler-bucket-allocator-granularity=16"
    "memorysetup-profiler-bucket-allocator-bucket-count=8"
    "memorysetup-profiler-bucket-allocator-block-size=33554432"
    "memorysetup-profiler-bucket-allocator-block-count=8"
    "memorysetup-profiler-allocator-block-size=16777216"
    "memorysetup-profiler-editor-allocator-block-size=1048576"
    "memorysetup-temp-allocator-size-main=16777216"
    "memorysetup-job-temp-allocator-block-size=2097152"
    "memorysetup-job-temp-allocator-block-size-background=1048576"
    "memorysetup-job-temp-allocator-reduction-small-platforms=262144"
    "memorysetup-temp-allocator-size-background-worker=32768"
    "memorysetup-temp-allocator-size-job-worker=262144"
    "memorysetup-temp-allocator-size-preload-manager=33554432"
    "memorysetup-temp-allocator-size-nav-mesh-worker=65536"
    "memorysetup-temp-allocator-size-audio-worker=65536"
    "memorysetup-temp-allocator-size-cloud-worker=32768"
    "memorysetup-temp-allocator-size-gi-baking-worker=262144"
    "memorysetup-temp-allocator-size-gfx=262144"
Refreshing native plugins compatible for Editor in 119.85 ms, found 11 plugins.
Preloading 1 native plugins for Editor in 1.64 ms.
Initialize engine version: 2021.3.10f1 (1c7d0df0160b)
[Subsystems] Discovering subsystems at path C:/Program Files/Unity/Hub/Editor/2021.3.10f1/Editor/Data/Resources/UnitySubsystems
[Subsystems] Discovering subsystems at path C:/Users/Asus/Desktop/VR-Labs/UNITY/AR VR/Assets
GfxDevice: creating device client; threaded=0; jobified=0
Direct3D:
    Version:  Direct3D 11.0 [level 11.1]
    Renderer: AMD Radeon(TM) Graphics (ID=0x1636)
    Vendor:   ATI
    VRAM:     3798 MB
    Driver:   30.0.13002.1001
Initialize mono
Mono path[0] = 'C:/Program Files/Unity/Hub/Editor/2021.3.10f1/Editor/Data/Managed'
Mono path[1] = 'C:/Program Files/Unity/Hub/Editor/2021.3.10f1/Editor/Data/MonoBleedingEdge/lib/mono/unityjit-win32'
Mono config path = 'C:/Program Files/Unity/Hub/Editor/2021.3.10f1/Editor/Data/MonoBleedingEdge/etc'
Using monoOptions --debugger-agent=transport=dt_socket,embedding=1,server=y,suspend=n,address=127.0.0.1:56132
Begin MonoManager ReloadAssembly
Registering precompiled unity dll's ...
Register platform support module: C:/Program Files/Unity/Hub/Editor/2021.3.10f1/Editor/Data/PlaybackEngines/WebGLSupport/UnityEditor.WebGL.Extensions.dll
Register platform support module: C:/Program Files/Unity/Hub/Editor/2021.3.10f1/Editor/Data/PlaybackEngines/WindowsStandaloneSupport/UnityEditor.WindowsStandalone.Extensions.dll
Registered in 0.005669 seconds.
Native extension for WindowsStandalone target not found
Native extension for WebGL target not found
Refreshing native plugins compatible for Editor in 96.42 ms, found 11 plugins.
Preloading 1 native plugins for Editor in 0.12 ms.
Mono: successfully reloaded assembly
- Completed reload, in  0.668 seconds
Domain Reload Profiling:
	ReloadAssembly (669ms)
		BeginReloadAssembly (90ms)
			ExecutionOrderSort (0ms)
			DisableScriptedObjects (0ms)
			BackupInstance (0ms)
			ReleaseScriptingObjects (0ms)
			CreateAndSetChildDomain (1ms)
		EndReloadAssembly (458ms)
			LoadAssemblies (88ms)
			RebuildTransferFunctionScriptingTraits (0ms)
			SetupTypeCache (112ms)
			ReleaseScriptCaches (0ms)
			RebuildScriptCaches (25ms)
			SetupLoadedEditorAssemblies (272ms)
				LogAssemblyErrors (0ms)
				InitializePlatformSupportModulesInManaged (8ms)
				SetLoadedEditorAssemblies (0ms)
				RefreshPlugins (97ms)
				BeforeProcessingInitializeOnLoad (1ms)
				ProcessInitializeOnLoadAttributes (122ms)
				ProcessInitializeOnLoadMethodAttributes (44ms)
				AfterProcessingInitializeOnLoad (0ms)
				EditorAssembliesLoaded (0ms)
			ExecutionOrderSort2 (0ms)
			AwakeInstancesAfterBackupRestoration (0ms)
Platform modules already initialized, skipping
Registering precompiled user dll's ...
Registered in 0.007548 seconds.
Begin MonoManager ReloadAssembly
Symbol file LoadedFromMemory doesn't match image C:\Users\Asus\Desktop\VR-Labs\UNITY\AR VR\Library\PackageCache\com.unity.visualscripting@1.7.8\Editor\VisualScripting.Core\Dependencies\DotNetZip\Unity.VisualScripting.IonicZip.dll
Symbol file LoadedFromMemory doesn't match image C:\Users\Asus\Desktop\VR-Labs\UNITY\AR VR\Library\PackageCache\com.unity.visualscripting@1.7.8\Editor\VisualScripting.Core\Dependencies\YamlDotNet\Unity.VisualScripting.YamlDotNet.dll
Native extension for WindowsStandalone target not found
Native extension for WebGL target not found
Refreshing native plugins compatible for Editor in 88.14 ms, found 11 plugins.
Preloading 1 native plugins for Editor in 0.06 ms.
Package Manager log level set to [2]
System.Reflection.TargetInvocationException: Exception has been thrown by the target of an invocation. ---> System.NullReferenceException: Object reference not set to an instance of an object
  at Unity.XR.Oculus.OculusLoader.AssetPathToAbsolutePath (System.String assetPath) [0x0003d] in C:\Users\Asus\Desktop\VR-Labs\UNITY\AR VR\Library\PackageCache\com.unity.xr.oculus@3.0.2\Runtime\OculusLoader.cs:271 
  at Unity.XR.Oculus.OculusLoader.EditorLoadOVRPlugin () [0x0007b] in C:\Users\Asus\Desktop\VR-Labs\UNITY\AR VR\Library\PackageCache\com.unity.xr.oculus@3.0.2\Runtime\OculusLoader.cs:256 
  at (wrapper managed-to-native) System.Reflection.RuntimeMethodInfo.InternalInvoke(System.Reflection.RuntimeMethodInfo,object,object[],System.Exception&)
  at System.Reflection.RuntimeMethodInfo.Invoke (System.Object obj, System.Reflection.BindingFlags invokeAttr, System.Reflection.Binder binder, System.Object[] parameters, System.Globalization.CultureInfo culture) [0x0006a] in <9aad1b3a47484d63ba2b3985692d80e9>:0 
   --- End of inner exception stack trace ---
  at System.Reflection.RuntimeMethodInfo.Invoke (System.Object obj, System.Reflection.BindingFlags invokeAttr, System.Reflection.Binder binder, System.Object[] parameters, System.Globalization.CultureInfo culture) [0x00083] in <9aad1b3a47484d63ba2b3985692d80e9>:0 
  at System.Reflection.MethodBase.Invoke (System.Object obj, System.Object[] parameters) [0x00000] in <9aad1b3a47484d63ba2b3985692d80e9>:0 
  at UnityEditor.EditorAssemblies.ProcessInitializeOnLoadMethodAttributes () [0x000a5] in <99feab6f3db6407493924fe4a179a95b>:0 
UnityEngine.StackTraceUtility:ExtractStackTrace ()
UnityEngine.DebugLogHandler:LogFormat (UnityEngine.LogType,UnityEngine.Object,string,object[])
UnityEngine.Logger:Log (UnityEngine.LogType,object)
UnityEngine.Debug:LogError (object)
UnityEditor.EditorAssemblies:ProcessInitializeOnLoadMethodAttributes ()

Mono: successfully reloaded assembly
- Completed reload, in  1.360 seconds
Domain Reload Profiling:
	ReloadAssembly (1361ms)
		BeginReloadAssembly (133ms)
			ExecutionOrderSort (0ms)
			DisableScriptedObjects (5ms)
			BackupInstance (0ms)
			ReleaseScriptingObjects (0ms)
			CreateAndSetChildDomain (28ms)
		EndReloadAssembly (1104ms)
			LoadAssemblies (227ms)
			RebuildTransferFunctionScriptingTraits (0ms)
			SetupTypeCache (280ms)
			ReleaseScriptCaches (1ms)
			RebuildScriptCaches (56ms)
			SetupLoadedEditorAssemblies (514ms)
				LogAssemblyErrors (0ms)
				InitializePlatformSupportModulesInManaged (5ms)
				SetLoadedEditorAssemblies (0ms)
				RefreshPlugins (88ms)
				BeforeProcessingInitializeOnLoad (91ms)
				ProcessInitializeOnLoadAttributes (284ms)
				ProcessInitializeOnLoadMethodAttributes (39ms)
				AfterProcessingInitializeOnLoad (6ms)
				EditorAssembliesLoaded (0ms)
			ExecutionOrderSort2 (0ms)
			AwakeInstancesAfterBackupRestoration (6ms)
Platform modules already initialized, skipping
========================================================================
Worker process is ready to serve import requests
Launched and connected shader compiler UnityShaderCompiler.exe after 0.08 seconds
Refreshing native plugins compatible for Editor in 1.11 ms, found 11 plugins.
Preloading 1 native plugins for Editor in 0.18 ms.
Unloading 4084 Unused Serialized files (Serialized files now loaded: 0)
Unloading 49 unused Assets / (114.4 KB). Loaded Objects now: 4526.
Memory consumption went from 142.8 MB to 142.7 MB.
Total: 5.797300 ms (FindLiveObjects: 0.706200 ms CreateObjectMapping: 0.253400 ms MarkObjects: 4.552000 ms  DeleteObjects: 0.282400 ms)

AssetImportParameters requested are different than current active one (requested -> active):
  custom:video-decoder-ogg-theora: a1e56fd34408186e4bbccfd4996cb3dc -> 
  custom:container-muxer-webm: aa71ff27fc2769a1b78a27578f13a17b -> 
  custom:container-demuxer-webm: 4f35f7cbe854078d1ac9338744f61a02 -> 
  custom:video-encoder-webm-vp8: eb34c28f22e8b96e1ab97ce403110664 -> 
  custom:audio-encoder-webm-vorbis: bf7c407c2cedff20999df2af8eb42d56 -> 
  custom:framework-win-MediaFoundation: 216162199b28c13a410421893ffa2e32 -> 
  custom:container-demuxer-ogg: 62fdf1f143b41e24485cea50d1cbac27 -> 
  custom:video-decoder-webm-vp8: 9c59270c3fd7afecdb556c50c9e8de78 -> 
  custom:audio-decoder-ogg-vorbis: bf7c407c2cedff20999df2af8eb42d56 -> 
========================================================================
Received Import Request.
  Time since last request: 98618.355705 seconds.
  path: Assets/room_materials/textures/Room Textures/wall/walls-side-4-normal.png
  artifactKey: Guid(c606bef650e7ca641b6d24a34c9bd819) Importer(815301076,1909f56bfc062723c751e8b465ee728b)
Start importing Assets/room_materials/textures/Room Textures/wall/walls-side-4-normal.png using Guid(c606bef650e7ca641b6d24a34c9bd819) Importer(815301076,1909f56bfc062723c751e8b465ee728b)  -> (artifact id: 'e0e0902535cca68567f5b5e3644e5ce7') in 0.151705 seconds 
========================================================================
Received Import Request.
  Time since last request: 0.000031 seconds.
  path: Assets/room_materials/textures/Room Textures/wall/New Material.mat
  artifactKey: Guid(69e158b53b2ab6c489654897a82dac9b) Importer(815301076,1909f56bfc062723c751e8b465ee728b)
Start importing Assets/room_materials/textures/Room Textures/wall/New Material.mat using Guid(69e158b53b2ab6c489654897a82dac9b) Importer(815301076,1909f56bfc062723c751e8b465ee728b)  -> (artifact id: '0582d564dd0f510be0d17d6dd5346f13') in 0.080129 seconds 
========================================================================
Received Import Request.
  Time since last request: 3245.588243 seconds.
  path: Assets/room_materials/textures/Room Textures/wall/wall.png
  artifactKey: Guid(0747fb9c6b570fa49a19ab726aff514f) Importer(815301076,1909f56bfc062723c751e8b465ee728b)
Start importing Assets/room_materials/textures/Room Textures/wall/wall.png using Guid(0747fb9c6b570fa49a19ab726aff514f) Importer(815301076,1909f56bfc062723c751e8b465ee728b)  -> (artifact id: '4ab91ebd3bc71b15e82bf499eaeaaf3d') in 0.132608 seconds 
========================================================================
Received Import Request.
  Time since last request: 6340.242855 seconds.
  path: Assets/table.fbx
  artifactKey: Guid(7d2660a8f0faa6d4b9fe5836dafe1f23) Importer(815301076,1909f56bfc062723c751e8b465ee728b)
Start importing Assets/table.fbx using Guid(7d2660a8f0faa6d4b9fe5836dafe1f23) Importer(815301076,1909f56bfc062723c751e8b465ee728b)  -> (artifact id: 'ab00949fc2978332ee4c91b410bf1893') in 0.370871 seconds 
========================================================================
Received Import Request.
  Time since last request: 219.184444 seconds.
  path: Assets/room_materials/textures/table_top_normal.png
  artifactKey: Guid(05f3c826219935541a56ad690d5281e4) Importer(815301076,1909f56bfc062723c751e8b465ee728b)
Start importing Assets/room_materials/textures/table_top_normal.png using Guid(05f3c826219935541a56ad690d5281e4) Importer(815301076,1909f56bfc062723c751e8b465ee728b)  -> (artifact id: 'bb0a9a10309dff51030deca718a77bb6') in 0.056176 seconds 
========================================================================
Received Import Request.
  Time since last request: 813.145189 seconds.
  path: Assets/room_materials/textures/table_top_diffuse.png
  artifactKey: Guid(65b7366a32e681243854bf717c180d0b) Importer(815301076,1909f56bfc062723c751e8b465ee728b)
Start importing Assets/room_materials/textures/table_top_diffuse.png using Guid(65b7366a32e681243854bf717c180d0b) Importer(815301076,1909f56bfc062723c751e8b465ee728b)  -> (artifact id: 'c5f3bec908f3b636e12cf92a105e3471') in 0.041082 seconds 
========================================================================
Received Import Request.
  Time since last request: 557.442545 seconds.
  path: Assets/room_materials/textures/New Material 1.mat
  artifactKey: Guid(9bdc6926e41417243b8adc938edbf8b0) Importer(815301076,1909f56bfc062723c751e8b465ee728b)
Start importing Assets/room_materials/textures/New Material 1.mat using Guid(9bdc6926e41417243b8adc938edbf8b0) Importer(815301076,1909f56bfc062723c751e8b465ee728b)  -> (artifact id: 'e864796dd144c275ddb7bbf6ef18613f') in 0.040779 seconds 
========================================================================
Received Import Request.
  Time since last request: 146.485796 seconds.
  path: Assets/room_materials/textures/table_bottom-left.png
  artifactKey: Guid(dfd90b56c78cfe1439b423fd6a716187) Importer(815301076,1909f56bfc062723c751e8b465ee728b)
Start importing Assets/room_materials/textures/table_bottom-left.png using Guid(dfd90b56c78cfe1439b423fd6a716187) Importer(815301076,1909f56bfc062723c751e8b465ee728b)  -> (artifact id: 'eabd527f071783693c368bb846264dd9') in 0.052913 seconds 
========================================================================
Received Import Request.
  Time since last request: 120.956368 seconds.
  path: Assets/room_materials/textures/table_bottom_left.mat
  artifactKey: Guid(9bdc6926e41417243b8adc938edbf8b0) Importer(815301076,1909f56bfc062723c751e8b465ee728b)
Start importing Assets/room_materials/textures/table_bottom_left.mat using Guid(9bdc6926e41417243b8adc938edbf8b0) Importer(815301076,1909f56bfc062723c751e8b465ee728b)  -> (artifact id: 'f04f105bc8634f392a318fdd26836b05') in 0.022034 seconds 
========================================================================
Received Import Request.
  Time since last request: 105.266363 seconds.
  path: Assets/room_materials/textures/table_bottom_right.png
  artifactKey: Guid(2521b3aaf15fb18419745bcb75119412) Importer(815301076,1909f56bfc062723c751e8b465ee728b)
Start importing Assets/room_materials/textures/table_bottom_right.png using Guid(2521b3aaf15fb18419745bcb75119412) Importer(815301076,1909f56bfc062723c751e8b465ee728b)  -> (artifact id: '8b8213f37183513681f9532438def6aa') in 0.015799 seconds 
========================================================================
Received Import Request.
  Time since last request: 40.745789 seconds.
  path: Assets/room_materials/textures/table_bottom_right.mat
  artifactKey: Guid(5f2fe98775d1d6144a92a9213c6a59a3) Importer(815301076,1909f56bfc062723c751e8b465ee728b)
Start importing Assets/room_materials/textures/table_bottom_right.mat using Guid(5f2fe98775d1d6144a92a9213c6a59a3) Importer(815301076,1909f56bfc062723c751e8b465ee728b)  -> (artifact id: '208a7972dc71c1256f3205b592993181') in 0.021871 seconds 
========================================================================
Received Import Request.
  Time since last request: 356.575395 seconds.
  path: Assets/room_materials/textures/table_bottom.png
  artifactKey: Guid(7205c4864b4e689419cb59aa4de869f7) Importer(815301076,1909f56bfc062723c751e8b465ee728b)
Start importing Assets/room_materials/textures/table_bottom.png using Guid(7205c4864b4e689419cb59aa4de869f7) Importer(815301076,1909f56bfc062723c751e8b465ee728b)  -> (artifact id: '737903be5e86860408f148f0175cb2bb') in 0.066338 seconds 
========================================================================
Received Import Request.
  Time since last request: 31.710535 seconds.
  path: Assets/room_materials/textures/table_bottom_slab.mat
  artifactKey: Guid(1f8be56cd67fdd54282f2fa6c50af9c8) Importer(815301076,1909f56bfc062723c751e8b465ee728b)
Start importing Assets/room_materials/textures/table_bottom_slab.mat using Guid(1f8be56cd67fdd54282f2fa6c50af9c8) Importer(815301076,1909f56bfc062723c751e8b465ee728b)  -> (artifact id: '224006de90555b698b8f012031c330cd') in 0.030362 seconds 
========================================================================
Received Import Request.
  Time since last request: 149.441852 seconds.
  path: Assets/room_materials/textures/tabel_bottom_slab_normal.png
  artifactKey: Guid(f3b51cf434e64b748b4c032b9fd47df9) Importer(815301076,1909f56bfc062723c751e8b465ee728b)
Start importing Assets/room_materials/textures/tabel_bottom_slab_normal.png using Guid(f3b51cf434e64b748b4c032b9fd47df9) Importer(815301076,1909f56bfc062723c751e8b465ee728b)  -> (artifact id: 'cf36318d09c8a01c3939d9b0575f1ec0') in 0.088962 seconds 
========================================================================
Received Import Request.
  Time since last request: 435.500724 seconds.
  path: Assets/room_materials/textures/tabel_bottom_slab_normal.png
  artifactKey: Guid(f3b51cf434e64b748b4c032b9fd47df9) Importer(815301076,1909f56bfc062723c751e8b465ee728b)
Start importing Assets/room_materials/textures/tabel_bottom_slab_normal.png using Guid(f3b51cf434e64b748b4c032b9fd47df9) Importer(815301076,1909f56bfc062723c751e8b465ee728b)  -> (artifact id: '75bfedb6bb74cb515583390bc05a86c2') in 0.032987 seconds 
========================================================================
Received Import Request.
  Time since last request: 316.188859 seconds.
  path: Assets/room_materials/textures/table_bottom-left_normal.png
  artifactKey: Guid(b6c68fd524a75db488d566bb7d86332a) Importer(815301076,1909f56bfc062723c751e8b465ee728b)
Start importing Assets/room_materials/textures/table_bottom-left_normal.png using Guid(b6c68fd524a75db488d566bb7d86332a) Importer(815301076,1909f56bfc062723c751e8b465ee728b)  -> (artifact id: '26422ca0ea34e26bc01b3b780c5f1384') in 0.092583 seconds 
========================================================================
Received Import Request.
  Time since last request: 536.866799 seconds.
  path: Assets/room_materials/textures/Room Textures/wall/wall_left_defuse.png
  artifactKey: Guid(f59e355ff5ab6e44eb6126eaedb7308f) Importer(815301076,1909f56bfc062723c751e8b465ee728b)
Start importing Assets/room_materials/textures/Room Textures/wall/wall_left_defuse.png using Guid(f59e355ff5ab6e44eb6126eaedb7308f) Importer(815301076,1909f56bfc062723c751e8b465ee728b)  -> (artifact id: '3a8b5aeb6a006bf0dfa566973ae881c7') in 0.133178 seconds 
========================================================================
Received Import Request.
  Time since last request: 542.357140 seconds.
  path: Assets/room_materials/textures/Room Textures/wall/New Material 1.mat
  artifactKey: Guid(bf6335bb492996a4b948144de4e4bd61) Importer(815301076,1909f56bfc062723c751e8b465ee728b)
Start importing Assets/room_materials/textures/Room Textures/wall/New Material 1.mat using Guid(bf6335bb492996a4b948144de4e4bd61) Importer(815301076,1909f56bfc062723c751e8b465ee728b)  -> (artifact id: 'd70a199cf51a68e89ae9a6017af91c7b') in 0.028539 seconds 
========================================================================
Received Import Request.
  Time since last request: 34.733896 seconds.
  path: Assets/room_materials/textures/Room Textures/wall/New Material 2.mat
  artifactKey: Guid(1b915b7c63114df47aa08179d7597522) Importer(815301076,1909f56bfc062723c751e8b465ee728b)
Start importing Assets/room_materials/textures/Room Textures/wall/New Material 2.mat using Guid(1b915b7c63114df47aa08179d7597522) Importer(815301076,1909f56bfc062723c751e8b465ee728b)  -> (artifact id: '104c6dbacae212f6de63c24964c3c6bf') in 0.026603 seconds 
========================================================================
Received Import Request.
  Time since last request: 338.913058 seconds.
  path: Assets/room_materials/textures/Room Textures/wall/New Material 1.mat
  artifactKey: Guid(bf6335bb492996a4b948144de4e4bd61) Importer(815301076,1909f56bfc062723c751e8b465ee728b)
Start importing Assets/room_materials/textures/Room Textures/wall/New Material 1.mat using Guid(bf6335bb492996a4b948144de4e4bd61) Importer(815301076,1909f56bfc062723c751e8b465ee728b)  -> (artifact id: 'aa786f8acac3cec4534fcb38f20c6bcd') in 0.030949 seconds 
========================================================================
Received Import Request.
  Time since last request: 0.000059 seconds.
  path: Assets/room_materials/textures/Room Textures/wall/wall-side.mat
  artifactKey: Guid(5f079fdaad8257e42a4c6c255d5aeceb) Importer(815301076,1909f56bfc062723c751e8b465ee728b)
Start importing Assets/room_materials/textures/Room Textures/wall/wall-side.mat using Guid(5f079fdaad8257e42a4c6c255d5aeceb) Importer(815301076,1909f56bfc062723c751e8b465ee728b)  -> (artifact id: 'c91d2b815338b183488824d812f83cd8') in 0.073037 seconds 
========================================================================
Received Import Request.
  Time since last request: 0.000050 seconds.
  path: Assets/room_materials/textures/Room Textures/wall/New Material.mat
  artifactKey: Guid(69e158b53b2ab6c489654897a82dac9b) Importer(815301076,1909f56bfc062723c751e8b465ee728b)
Start importing Assets/room_materials/textures/Room Textures/wall/New Material.mat using Guid(69e158b53b2ab6c489654897a82dac9b) Importer(815301076,1909f56bfc062723c751e8b465ee728b)  -> (artifact id: '001639c06e0fe7913b23878c044e07cd') in 0.037182 seconds 
