Using pre-set license
Built from '2021.3/staging' branch; Version is '2021.3.10f1 (1c7d0df0160b) revision 1867021'; Using compiler version '192829333'; Build Type 'Release'
OS: 'Windows 11  (10.0.22621) 64bit CoreSingleLanguage' Language: 'en' Physical Memory: 7597 MB
BatchMode: 1, IsHumanControllingUs: 0, StartBugReporterOnCrash: 0, Is64bit: 1, IsPro: 1

COMMAND LINE ARGUMENTS:
C:\Program Files\Unity\Hub\Editor\2021.3.10f1\Editor\Unity.exe
-adb2
-batchMode
-noUpm
-name
AssetImportWorker3
-projectPath
C:/Users/Asus/Desktop/VR-Labs/UNITY/AR VR
-logFile
Logs/AssetImportWorker3.log
-srvPort
65272
Successfully changed project path to: C:/Users/Asus/Desktop/VR-Labs/UNITY/AR VR
C:/Users/Asus/Desktop/VR-Labs/UNITY/AR VR
[UnityMemory] Configuration Parameters - Can be set up in boot.config
    "memorysetup-bucket-allocator-granularity=16"
    "memorysetup-bucket-allocator-bucket-count=8"
    "memorysetup-bucket-allocator-block-size=33554432"
    "memorysetup-bucket-allocator-block-count=8"
    "memorysetup-main-allocator-block-size=16777216"
    "memorysetup-thread-allocator-block-size=16777216"
    "memorysetup-gfx-main-allocator-block-size=16777216"
    "memorysetup-gfx-thread-allocator-block-size=16777216"
    "memorysetup-cache-allocator-block-size=4194304"
    "memorysetup-typetree-allocator-block-size=2097152"
    "memorysetup-profiler-bucket-allocator-granularity=16"
    "memorysetup-profiler-bucket-allocator-bucket-count=8"
    "memorysetup-profiler-bucket-allocator-block-size=33554432"
    "memorysetup-profiler-bucket-allocator-block-count=8"
    "memorysetup-profiler-allocator-block-size=16777216"
    "memorysetup-profiler-editor-allocator-block-size=1048576"
    "memorysetup-temp-allocator-size-main=16777216"
    "memorysetup-job-temp-allocator-block-size=2097152"
    "memorysetup-job-temp-allocator-block-size-background=1048576"
    "memorysetup-job-temp-allocator-reduction-small-platforms=262144"
    "memorysetup-temp-allocator-size-background-worker=32768"
    "memorysetup-temp-allocator-size-job-worker=262144"
    "memorysetup-temp-allocator-size-preload-manager=33554432"
    "memorysetup-temp-allocator-size-nav-mesh-worker=65536"
    "memorysetup-temp-allocator-size-audio-worker=65536"
    "memorysetup-temp-allocator-size-cloud-worker=32768"
    "memorysetup-temp-allocator-size-gi-baking-worker=262144"
    "memorysetup-temp-allocator-size-gfx=262144"
Refreshing native plugins compatible for Editor in 145.86 ms, found 11 plugins.
Preloading 1 native plugins for Editor in 2.22 ms.
Initialize engine version: 2021.3.10f1 (1c7d0df0160b)
[Subsystems] Discovering subsystems at path C:/Program Files/Unity/Hub/Editor/2021.3.10f1/Editor/Data/Resources/UnitySubsystems
[Subsystems] Discovering subsystems at path C:/Users/Asus/Desktop/VR-Labs/UNITY/AR VR/Assets
GfxDevice: creating device client; threaded=0; jobified=0
Direct3D:
    Version:  Direct3D 11.0 [level 11.1]
    Renderer: AMD Radeon(TM) Graphics (ID=0x1636)
    Vendor:   ATI
    VRAM:     3798 MB
    Driver:   30.0.13002.1001
Initialize mono
Mono path[0] = 'C:/Program Files/Unity/Hub/Editor/2021.3.10f1/Editor/Data/Managed'
Mono path[1] = 'C:/Program Files/Unity/Hub/Editor/2021.3.10f1/Editor/Data/MonoBleedingEdge/lib/mono/unityjit-win32'
Mono config path = 'C:/Program Files/Unity/Hub/Editor/2021.3.10f1/Editor/Data/MonoBleedingEdge/etc'
Using monoOptions --debugger-agent=transport=dt_socket,embedding=1,server=y,suspend=n,address=127.0.0.1:56868
Begin MonoManager ReloadAssembly
Registering precompiled unity dll's ...
Register platform support module: C:/Program Files/Unity/Hub/Editor/2021.3.10f1/Editor/Data/PlaybackEngines/WebGLSupport/UnityEditor.WebGL.Extensions.dll
Register platform support module: C:/Program Files/Unity/Hub/Editor/2021.3.10f1/Editor/Data/PlaybackEngines/WindowsStandaloneSupport/UnityEditor.WindowsStandalone.Extensions.dll
Registered in 0.015238 seconds.
Native extension for WindowsStandalone target not found
Native extension for WebGL target not found
Refreshing native plugins compatible for Editor in 106.63 ms, found 11 plugins.
Preloading 1 native plugins for Editor in 0.20 ms.
Mono: successfully reloaded assembly
- Completed reload, in  1.171 seconds
Domain Reload Profiling:
	ReloadAssembly (1172ms)
		BeginReloadAssembly (167ms)
			ExecutionOrderSort (0ms)
			DisableScriptedObjects (0ms)
			BackupInstance (0ms)
			ReleaseScriptingObjects (0ms)
			CreateAndSetChildDomain (1ms)
		EndReloadAssembly (701ms)
			LoadAssemblies (166ms)
			RebuildTransferFunctionScriptingTraits (0ms)
			SetupTypeCache (173ms)
			ReleaseScriptCaches (0ms)
			RebuildScriptCaches (33ms)
			SetupLoadedEditorAssemblies (406ms)
				LogAssemblyErrors (0ms)
				InitializePlatformSupportModulesInManaged (11ms)
				SetLoadedEditorAssemblies (0ms)
				RefreshPlugins (107ms)
				BeforeProcessingInitializeOnLoad (3ms)
				ProcessInitializeOnLoadAttributes (238ms)
				ProcessInitializeOnLoadMethodAttributes (47ms)
				AfterProcessingInitializeOnLoad (0ms)
				EditorAssembliesLoaded (0ms)
			ExecutionOrderSort2 (0ms)
			AwakeInstancesAfterBackupRestoration (0ms)
Platform modules already initialized, skipping
Registering precompiled user dll's ...
Registered in 0.008981 seconds.
Begin MonoManager ReloadAssembly
Native extension for WindowsStandalone target not found
Native extension for WebGL target not found
Refreshing native plugins compatible for Editor in 89.12 ms, found 11 plugins.
Preloading 1 native plugins for Editor in 0.08 ms.
Package Manager log level set to [2]
System.Reflection.TargetInvocationException: Exception has been thrown by the target of an invocation. ---> System.NullReferenceException: Object reference not set to an instance of an object
  at Unity.XR.Oculus.OculusLoader.AssetPathToAbsolutePath (System.String assetPath) [0x0003d] in C:\Users\Asus\Desktop\VR-Labs\UNITY\AR VR\Library\PackageCache\com.unity.xr.oculus@3.0.2\Runtime\OculusLoader.cs:271 
  at Unity.XR.Oculus.OculusLoader.EditorLoadOVRPlugin () [0x0007b] in C:\Users\Asus\Desktop\VR-Labs\UNITY\AR VR\Library\PackageCache\com.unity.xr.oculus@3.0.2\Runtime\OculusLoader.cs:256 
  at (wrapper managed-to-native) System.Reflection.RuntimeMethodInfo.InternalInvoke(System.Reflection.RuntimeMethodInfo,object,object[],System.Exception&)
  at System.Reflection.RuntimeMethodInfo.Invoke (System.Object obj, System.Reflection.BindingFlags invokeAttr, System.Reflection.Binder binder, System.Object[] parameters, System.Globalization.CultureInfo culture) [0x0006a] in <9aad1b3a47484d63ba2b3985692d80e9>:0 
   --- End of inner exception stack trace ---
  at System.Reflection.RuntimeMethodInfo.Invoke (System.Object obj, System.Reflection.BindingFlags invokeAttr, System.Reflection.Binder binder, System.Object[] parameters, System.Globalization.CultureInfo culture) [0x00083] in <9aad1b3a47484d63ba2b3985692d80e9>:0 
  at System.Reflection.MethodBase.Invoke (System.Object obj, System.Object[] parameters) [0x00000] in <9aad1b3a47484d63ba2b3985692d80e9>:0 
  at UnityEditor.EditorAssemblies.ProcessInitializeOnLoadMethodAttributes () [0x000a5] in <99feab6f3db6407493924fe4a179a95b>:0 
UnityEngine.StackTraceUtility:ExtractStackTrace ()
UnityEngine.DebugLogHandler:LogFormat (UnityEngine.LogType,UnityEngine.Object,string,object[])
UnityEngine.Logger:Log (UnityEngine.LogType,object)
UnityEngine.Debug:LogError (object)
UnityEditor.EditorAssemblies:ProcessInitializeOnLoadMethodAttributes ()

Mono: successfully reloaded assembly
- Completed reload, in  1.399 seconds
Domain Reload Profiling:
	ReloadAssembly (1400ms)
		BeginReloadAssembly (128ms)
			ExecutionOrderSort (0ms)
			DisableScriptedObjects (6ms)
			BackupInstance (0ms)
			ReleaseScriptingObjects (0ms)
			CreateAndSetChildDomain (25ms)
		EndReloadAssembly (1144ms)
			LoadAssemblies (207ms)
			RebuildTransferFunctionScriptingTraits (0ms)
			SetupTypeCache (298ms)
			ReleaseScriptCaches (1ms)
			RebuildScriptCaches (66ms)
			SetupLoadedEditorAssemblies (539ms)
				LogAssemblyErrors (0ms)
				InitializePlatformSupportModulesInManaged (6ms)
				SetLoadedEditorAssemblies (0ms)
				RefreshPlugins (89ms)
				BeforeProcessingInitializeOnLoad (90ms)
				ProcessInitializeOnLoadAttributes (305ms)
				ProcessInitializeOnLoadMethodAttributes (42ms)
				AfterProcessingInitializeOnLoad (6ms)
				EditorAssembliesLoaded (0ms)
			ExecutionOrderSort2 (0ms)
			AwakeInstancesAfterBackupRestoration (6ms)
Platform modules already initialized, skipping
========================================================================
Worker process is ready to serve import requests
Launched and connected shader compiler UnityShaderCompiler.exe after 0.07 seconds
Refreshing native plugins compatible for Editor in 1.40 ms, found 11 plugins.
Preloading 1 native plugins for Editor in 0.20 ms.
Unloading 4084 Unused Serialized files (Serialized files now loaded: 0)
Unloading 49 unused Assets / (114.4 KB). Loaded Objects now: 4526.
Memory consumption went from 142.7 MB to 142.6 MB.
Total: 6.058300 ms (FindLiveObjects: 0.741900 ms CreateObjectMapping: 0.139400 ms MarkObjects: 4.922900 ms  DeleteObjects: 0.248600 ms)

AssetImportParameters requested are different than current active one (requested -> active):
  custom:video-decoder-ogg-theora: a1e56fd34408186e4bbccfd4996cb3dc -> 
  custom:container-muxer-webm: aa71ff27fc2769a1b78a27578f13a17b -> 
  custom:container-demuxer-webm: 4f35f7cbe854078d1ac9338744f61a02 -> 
  custom:video-encoder-webm-vp8: eb34c28f22e8b96e1ab97ce403110664 -> 
  custom:audio-encoder-webm-vorbis: bf7c407c2cedff20999df2af8eb42d56 -> 
  custom:framework-win-MediaFoundation: 216162199b28c13a410421893ffa2e32 -> 
  custom:container-demuxer-ogg: 62fdf1f143b41e24485cea50d1cbac27 -> 
  custom:video-decoder-webm-vp8: 9c59270c3fd7afecdb556c50c9e8de78 -> 
  custom:audio-decoder-ogg-vorbis: bf7c407c2cedff20999df2af8eb42d56 -> 
========================================================================
Received Import Request.
  Time since last request: 10417.289068 seconds.
  path: Packages/com.unity.timeline/Editor/StyleSheets/Images/Shared/Timeline-Marker-Multi-Overlay.png
  artifactKey: Guid(75f26f1c549568c4e9950a368bd08cb8) Importer(815301076,1909f56bfc062723c751e8b465ee728b)
Start importing Packages/com.unity.timeline/Editor/StyleSheets/Images/Shared/Timeline-Marker-Multi-Overlay.png using Guid(75f26f1c549568c4e9950a368bd08cb8) Importer(815301076,1909f56bfc062723c751e8b465ee728b)  -> (artifact id: '771df5bb3b443a8af15e2b5b08c414f9') in 0.301850 seconds 
========================================================================
Received Import Request.
  Time since last request: 0.877425 seconds.
  path: Packages/com.unity.collab-proxy/Editor/PlasticSCM/Assets/Images/stepok.png
  artifactKey: Guid(d4780dc1205c7c7478c970d8c61d24e8) Importer(815301076,1909f56bfc062723c751e8b465ee728b)
Start importing Packages/com.unity.collab-proxy/Editor/PlasticSCM/Assets/Images/stepok.png using Guid(d4780dc1205c7c7478c970d8c61d24e8) Importer(815301076,1909f56bfc062723c751e8b465ee728b)  -> (artifact id: '34bd15e673a5eaa622cb643d9a7c81d3') in 0.271659 seconds 
========================================================================
Received Import Request.
  Time since last request: 0.000076 seconds.
  path: Packages/com.unity.collab-proxy/Editor/PlasticSCM/Assets/Images/step2@2x.png
  artifactKey: Guid(0029170d14ce6c04c9f45c22cdae5559) Importer(815301076,1909f56bfc062723c751e8b465ee728b)
Start importing Packages/com.unity.collab-proxy/Editor/PlasticSCM/Assets/Images/step2@2x.png using Guid(0029170d14ce6c04c9f45c22cdae5559) Importer(815301076,1909f56bfc062723c751e8b465ee728b)  -> (artifact id: 'a0fee05c15adae6bd8c4a3193a6381cd') in 0.069295 seconds 
========================================================================
Received Import Request.
  Time since last request: 0.165875 seconds.
  path: Packages/com.unity.collab-proxy/Editor/Collaborate/Assets/Icons/status-warning-light.png
  artifactKey: Guid(7f5bfdeb677f0f9439f594f1cf98266a) Importer(815301076,1909f56bfc062723c751e8b465ee728b)
Start importing Packages/com.unity.collab-proxy/Editor/Collaborate/Assets/Icons/status-warning-light.png using Guid(7f5bfdeb677f0f9439f594f1cf98266a) Importer(815301076,1909f56bfc062723c751e8b465ee728b)  -> (artifact id: 'ecc664a05f52b0f66060ecfb24a9cb3c') in 0.048486 seconds 
========================================================================
Received Import Request.
  Time since last request: 0.321189 seconds.
  path: Packages/com.unity.collab-proxy/Editor/Collaborate/Assets/Icons/status-info-dark.png
  artifactKey: Guid(fa1ff86f20525894b9bd92f1b1909ccf) Importer(815301076,1909f56bfc062723c751e8b465ee728b)
Start importing Packages/com.unity.collab-proxy/Editor/Collaborate/Assets/Icons/status-info-dark.png using Guid(fa1ff86f20525894b9bd92f1b1909ccf) Importer(815301076,1909f56bfc062723c751e8b465ee728b)  -> (artifact id: '3b3191ba81a8db1e94cbd0a3c4e68064') in 0.042294 seconds 
========================================================================
Received Import Request.
  Time since last request: 0.329928 seconds.
  path: Packages/com.unity.collab-proxy/Editor/Collaborate/Assets/Icons/show-dark.png
  artifactKey: Guid(849b7119dad13a24397add67a7f78510) Importer(815301076,1909f56bfc062723c751e8b465ee728b)
Start importing Packages/com.unity.collab-proxy/Editor/Collaborate/Assets/Icons/show-dark.png using Guid(849b7119dad13a24397add67a7f78510) Importer(815301076,1909f56bfc062723c751e8b465ee728b)  -> (artifact id: '3ae8c20ed73bb36bc3195043fc8fc375') in 1.294189 seconds 
========================================================================
Received Import Request.
  Time since last request: 0.000073 seconds.
  path: Packages/com.unity.collab-proxy/Editor/PlasticSCM/Assets/Images/secondarytabclose.png
  artifactKey: Guid(03cefa94d5aa9d74993fb2138af9d607) Importer(815301076,1909f56bfc062723c751e8b465ee728b)
Start importing Packages/com.unity.collab-proxy/Editor/PlasticSCM/Assets/Images/secondarytabclose.png using Guid(03cefa94d5aa9d74993fb2138af9d607) Importer(815301076,1909f56bfc062723c751e8b465ee728b)  -> (artifact id: '4d9f05cc4dda78195f4526c9a1cda51f') in 0.112621 seconds 
========================================================================
Received Import Request.
  Time since last request: 0.045672 seconds.
  path: Packages/com.unity.collab-proxy/Editor/PlasticSCM/Assets/Images/d_stevejobsbuhoshe.png
  artifactKey: Guid(56e456ab0f7f79a4dbabcc9079c49a94) Importer(815301076,1909f56bfc062723c751e8b465ee728b)
Start importing Packages/com.unity.collab-proxy/Editor/PlasticSCM/Assets/Images/d_stevejobsbuhoshe.png using Guid(56e456ab0f7f79a4dbabcc9079c49a94) Importer(815301076,1909f56bfc062723c751e8b465ee728b)  -> (artifact id: 'fc0ca0cb868aef8e010142176ce2b426') in 0.119996 seconds 
========================================================================
Received Import Request.
  Time since last request: 0.000091 seconds.
  path: Packages/com.unity.collab-proxy/Editor/PlasticSCM/Assets/Images/d_stevejobsbuhoshechristmas.png
  artifactKey: Guid(f008857e434b98b4eaabda1fd6af3059) Importer(815301076,1909f56bfc062723c751e8b465ee728b)
Start importing Packages/com.unity.collab-proxy/Editor/PlasticSCM/Assets/Images/d_stevejobsbuhoshechristmas.png using Guid(f008857e434b98b4eaabda1fd6af3059) Importer(815301076,1909f56bfc062723c751e8b465ee728b)  -> (artifact id: 'dccd98b4b98997ef0eb5a7b06c03401f') in 0.137009 seconds 
========================================================================
Received Import Request.
  Time since last request: 0.000198 seconds.
  path: Packages/com.unity.collab-proxy/Editor/Collaborate/Assets/Icons/collaborate-error-light.png
  artifactKey: Guid(b08f8cbc53d0bfb45bd2fd1f676d3554) Importer(815301076,1909f56bfc062723c751e8b465ee728b)
Start importing Packages/com.unity.collab-proxy/Editor/Collaborate/Assets/Icons/collaborate-error-light.png using Guid(b08f8cbc53d0bfb45bd2fd1f676d3554) Importer(815301076,1909f56bfc062723c751e8b465ee728b)  -> (artifact id: '8d4feb40001c7886089747e12f424d28') in 0.090207 seconds 
========================================================================
Received Import Request.
  Time since last request: 0.000402 seconds.
  path: Packages/com.unity.collab-proxy/Editor/Collaborate/Assets/Icons/collaborate-error-dark.png
  artifactKey: Guid(3eeca90c1ad2c46499941d0901eef4c6) Importer(815301076,1909f56bfc062723c751e8b465ee728b)
Start importing Packages/com.unity.collab-proxy/Editor/Collaborate/Assets/Icons/collaborate-error-dark.png using Guid(3eeca90c1ad2c46499941d0901eef4c6) Importer(815301076,1909f56bfc062723c751e8b465ee728b)  -> (artifact id: 'bce7c61ac90019d39b25a9b88a17ba23') in 0.090949 seconds 
========================================================================
Received Import Request.
  Time since last request: 0.000326 seconds.
  path: Packages/com.unity.collab-proxy/Editor/PlasticSCM/Assets/Images/d_genericbuhochristmas1.png
  artifactKey: Guid(e36d1a38d7aa309409e80bf66a089330) Importer(815301076,1909f56bfc062723c751e8b465ee728b)
Start importing Packages/com.unity.collab-proxy/Editor/PlasticSCM/Assets/Images/d_genericbuhochristmas1.png using Guid(e36d1a38d7aa309409e80bf66a089330) Importer(815301076,1909f56bfc062723c751e8b465ee728b)  -> (artifact id: 'd5619ac1ed21119c7fcae1ee74d6b221') in 0.134423 seconds 
========================================================================
Received Import Request.
  Time since last request: 0.000117 seconds.
  path: Packages/com.unity.collab-proxy/Editor/Collaborate/Assets/Icons/choose-remote-light.png
  artifactKey: Guid(78f56e873f56d7943aef2a039430732e) Importer(815301076,1909f56bfc062723c751e8b465ee728b)
Start importing Packages/com.unity.collab-proxy/Editor/Collaborate/Assets/Icons/choose-remote-light.png using Guid(78f56e873f56d7943aef2a039430732e) Importer(815301076,1909f56bfc062723c751e8b465ee728b)  -> (artifact id: '510fc84adcde7682e1f04356d131a20c') in 0.127366 seconds 
========================================================================
Received Import Request.
  Time since last request: 0.000208 seconds.
  path: Packages/com.unity.collab-proxy/Editor/Collaborate/Assets/Icons/choose-mine-light@2x.png
  artifactKey: Guid(1bceea0c53eecc244a50615c7958486d) Importer(815301076,1909f56bfc062723c751e8b465ee728b)
Start importing Packages/com.unity.collab-proxy/Editor/Collaborate/Assets/Icons/choose-mine-light@2x.png using Guid(1bceea0c53eecc244a50615c7958486d) Importer(815301076,1909f56bfc062723c751e8b465ee728b)  -> (artifact id: '93a73a6501372af05fd5f330aafa4f01') in 0.105388 seconds 
========================================================================
Received Import Request.
  Time since last request: 0.000156 seconds.
  path: Packages/com.unity.collab-proxy/Editor/PlasticSCM/Assets/Images/d_genericbuho2.png
  artifactKey: Guid(0f061b4bd0275bc4eb60f2af31e7375a) Importer(815301076,1909f56bfc062723c751e8b465ee728b)
Start importing Packages/com.unity.collab-proxy/Editor/PlasticSCM/Assets/Images/d_genericbuho2.png using Guid(0f061b4bd0275bc4eb60f2af31e7375a) Importer(815301076,1909f56bfc062723c751e8b465ee728b)  -> (artifact id: 'b338742d5c543b3e3a56764a39a83beb') in 0.126573 seconds 
========================================================================
Received Import Request.
  Time since last request: 0.000147 seconds.
  path: Packages/com.unity.collab-proxy/Editor/PlasticSCM/Assets/Images/d_genericbuhochristmas3.png
  artifactKey: Guid(6fac4e39926fd9c4ca2ba4416160a857) Importer(815301076,1909f56bfc062723c751e8b465ee728b)
Start importing Packages/com.unity.collab-proxy/Editor/PlasticSCM/Assets/Images/d_genericbuhochristmas3.png using Guid(6fac4e39926fd9c4ca2ba4416160a857) Importer(815301076,1909f56bfc062723c751e8b465ee728b)  -> (artifact id: '57cc17e9a4b5f4a4481caf6e31dccb11') in 0.107151 seconds 
========================================================================
Received Import Request.
  Time since last request: 0.000250 seconds.
  path: Packages/com.unity.collab-proxy/Editor/Collaborate/Assets/Icons/clear-dark.png
  artifactKey: Guid(432426364f0e2474b9817a7e5b9dd1c2) Importer(815301076,1909f56bfc062723c751e8b465ee728b)
Start importing Packages/com.unity.collab-proxy/Editor/Collaborate/Assets/Icons/clear-dark.png using Guid(432426364f0e2474b9817a7e5b9dd1c2) Importer(815301076,1909f56bfc062723c751e8b465ee728b)  -> (artifact id: 'dfed390c7a60ee5917d4355820659210') in 0.064483 seconds 
========================================================================
Received Import Request.
  Time since last request: 0.000079 seconds.
  path: Packages/com.unity.collab-proxy/Editor/Collaborate/Assets/Icons/clear-light.png
  artifactKey: Guid(713aeedbd53e6b848a68d0755e7a2c74) Importer(815301076,1909f56bfc062723c751e8b465ee728b)
Start importing Packages/com.unity.collab-proxy/Editor/Collaborate/Assets/Icons/clear-light.png using Guid(713aeedbd53e6b848a68d0755e7a2c74) Importer(815301076,1909f56bfc062723c751e8b465ee728b)  -> (artifact id: '941122d68931cff21505a7e7f32797f3') in 0.048242 seconds 
========================================================================
Received Import Request.
  Time since last request: 21.479444 seconds.
  path: Packages/com.unity.timeline/Editor/StyleSheets/Images/LightSkin/TimelineInfiniteTrackNoShadow.png
  artifactKey: Guid(69ff79f863a32ad44a9497d4896d9d1c) Importer(815301076,1909f56bfc062723c751e8b465ee728b)
Start importing Packages/com.unity.timeline/Editor/StyleSheets/Images/LightSkin/TimelineInfiniteTrackNoShadow.png using Guid(69ff79f863a32ad44a9497d4896d9d1c) Importer(815301076,1909f56bfc062723c751e8b465ee728b)  -> (artifact id: 'd962b5731dc11f8e708c023a5a38e836') in 0.066957 seconds 
========================================================================
Received Import Request.
  Time since last request: 0.000054 seconds.
  path: Packages/com.unity.timeline/Editor/StyleSheets/Images/DarkSkin/TimelineInfiniteTrackNoShadow.png
  artifactKey: Guid(eae63adb172f1164db61a7f4bdfc3637) Importer(815301076,1909f56bfc062723c751e8b465ee728b)
Start importing Packages/com.unity.timeline/Editor/StyleSheets/Images/DarkSkin/TimelineInfiniteTrackNoShadow.png using Guid(eae63adb172f1164db61a7f4bdfc3637) Importer(815301076,1909f56bfc062723c751e8b465ee728b)  -> (artifact id: 'dc5293abd7860e317e7ee02c5c723a7c') in 0.039894 seconds 
========================================================================
Received Import Request.
  Time since last request: 1555.983035 seconds.
  path: Assets/room_materials/textures/table_top_roughness.png
  artifactKey: Guid(019a04c18dd8faa49af28c502f4fd4d4) Importer(815301076,1909f56bfc062723c751e8b465ee728b)
Start importing Assets/room_materials/textures/table_top_roughness.png using Guid(019a04c18dd8faa49af28c502f4fd4d4) Importer(815301076,1909f56bfc062723c751e8b465ee728b)  -> (artifact id: '24c23e335ea85e7ea409dce5a7bfff6a') in 0.041211 seconds 
========================================================================
Received Import Request.
  Time since last request: 18051.746910 seconds.
  path: Assets/room_materials/Materials/table_top_diffuse.mat
  artifactKey: Guid(9012a9fff334a554289ca06a5249d0bc) Importer(815301076,1909f56bfc062723c751e8b465ee728b)
Start importing Assets/room_materials/Materials/table_top_diffuse.mat using Guid(9012a9fff334a554289ca06a5249d0bc) Importer(815301076,1909f56bfc062723c751e8b465ee728b)  -> (artifact id: 'c6010902f0e341643a5f1e1b00f3735e') in 0.711593 seconds 
========================================================================
Received Import Request.
  Time since last request: 802.194133 seconds.
  path: Assets/room_materials/textures/Room Textures/wall/walls-side-4-normal.png
  artifactKey: Guid(c606bef650e7ca641b6d24a34c9bd819) Importer(815301076,1909f56bfc062723c751e8b465ee728b)
Start importing Assets/room_materials/textures/Room Textures/wall/walls-side-4-normal.png using Guid(c606bef650e7ca641b6d24a34c9bd819) Importer(815301076,1909f56bfc062723c751e8b465ee728b)  -> (artifact id: 'bbfc238f940d86a80afb2c5ffecfb5da') in 0.043492 seconds 
========================================================================
Received Import Request.
  Time since last request: 663.401402 seconds.
  path: Assets/room_materials/textures/New Material 2.mat
  artifactKey: Guid(5f2fe98775d1d6144a92a9213c6a59a3) Importer(815301076,1909f56bfc062723c751e8b465ee728b)
Start importing Assets/room_materials/textures/New Material 2.mat using Guid(5f2fe98775d1d6144a92a9213c6a59a3) Importer(815301076,1909f56bfc062723c751e8b465ee728b)  -> (artifact id: 'c0262ed46944b1338b71d2434cca36fc') in 0.041862 seconds 
========================================================================
Received Import Request.
  Time since last request: 0.000129 seconds.
  path: Assets/room_materials/textures/New Material.mat
  artifactKey: Guid(932735346bc17d54199f68e130fd7122) Importer(815301076,1909f56bfc062723c751e8b465ee728b)
Start importing Assets/room_materials/textures/New Material.mat using Guid(932735346bc17d54199f68e130fd7122) Importer(815301076,1909f56bfc062723c751e8b465ee728b)  -> (artifact id: 'd01dbc9e6db38170f788456c37a566ed') in 0.400394 seconds 
